2023-12-13 15:47:54,065 [INFO] Activator:176 - 


2023-12-13 15:47:54,070 [INFO] Activator:177 - !SESSION log4j initialized
2023-12-13 15:47:59,017 [INFO] LogOutputStream:77 - [STDOUT_REDIRECT] 
2023-12-13 15:48:01,491 [INFO] ApplicationProperties:184 - Using Application install path: C:\ST\STM32CubeIDE_1.13.0\STM32CubeIDE\plugins\com.st.stm32cube.common.mx_6.9.0.202307051724
2023-12-13 15:48:01,511 [INFO] DbMcusXml:78 - Set database path to: C:\ST\STM32CubeIDE_1.13.0\STM32CubeIDE\plugins\com.st.stm32cube.common.mx_6.9.0.202307051724\\db\/mcu/
2023-12-13 15:48:01,511 [INFO] ApiDb:274 - Set plugin database path to: C:\ST\STM32CubeIDE_1.13.0\STM32CubeIDE\plugins\com.st.stm32cube.common.mx_6.9.0.202307051724\\db\/plugins/boardmanager/
2023-12-13 15:48:01,512 [WARN] ApiDb:259 - Overriding images path with different value:  => C:\ST\STM32CubeIDE_1.13.0\STM32CubeIDE\plugins\com.st.stm32cube.common.mx_6.9.0.202307051724\\db\/plugins/mcufinder/images/
2023-12-13 15:48:01,530 [INFO] ApiDb:250 - Set database path to: C:\Users\Acer\.stmcufinder\plugins\mcufinder//mcu/
2023-12-13 15:48:01,531 [INFO] DbMcusAds:125 - Set database path to: C:\Users\Acer\.stmcufinder\plugins\mcufinder//mcu/
2023-12-13 15:48:01,534 [INFO] CrossReferenceDbSqlite:203 - Set database path to: C:\Users\Acer\.stmcufinder\plugins\mcufinder//mcu/cs/
2023-12-13 15:48:01,638 [INFO] RulesReader:64 - Compatibility file has been processed (293 Rules)
2023-12-13 15:48:01,719 [INFO] DbMcusXml:78 - Set database path to: C:\ST\STM32CubeIDE_1.13.0\STM32CubeIDE\plugins\com.st.stm32cube.common.mx_6.9.0.202307051724\\db\/mcu/
2023-12-13 15:48:01,719 [INFO] ApiDb:274 - Set plugin database path to: C:\ST\STM32CubeIDE_1.13.0\STM32CubeIDE\plugins\com.st.stm32cube.common.mx_6.9.0.202307051724\\db\/plugins/boardmanager/
2023-12-13 15:48:01,719 [INFO] ApiDb:261 - Set plugin images path to: C:\ST\STM32CubeIDE_1.13.0\STM32CubeIDE\plugins\com.st.stm32cube.common.mx_6.9.0.202307051724\\db\/plugins/mcufinder/images/
2023-12-13 15:48:01,719 [WARN] DbFile:41 - Overriding database path with different value: C:\Users\Acer\.stmcufinder\plugins\mcufinder/ => C:\Users\Acer\.stmcufinder\plugins\mcufinder
2023-12-13 15:48:01,719 [INFO] ApiDb:250 - Set database path to: C:\Users\Acer\.stmcufinder\plugins\mcufinder//mcu/
2023-12-13 15:48:01,719 [WARN] DbFile:41 - Overriding database path with different value: C:\Users\Acer\.stmcufinder\plugins\mcufinder/ => C:\Users\Acer\.stmcufinder\plugins\mcufinder
2023-12-13 15:48:01,719 [INFO] DbMcusAds:125 - Set database path to: C:\Users\Acer\.stmcufinder\plugins\mcufinder//mcu/
2023-12-13 15:48:01,719 [WARN] DbFile:41 - Overriding database path with different value: C:\Users\Acer\.stmcufinder\plugins\mcufinder/ => C:\Users\Acer\.stmcufinder\plugins\mcufinder
2023-12-13 15:48:01,719 [WARN] DbFile:41 - Overriding database path with different value: C:\Users\Acer\.stmcufinder\plugins\mcufinder/ => C:\Users\Acer\.stmcufinder\plugins\mcufinder
2023-12-13 15:48:01,719 [INFO] CrossReferenceDbSqlite:203 - Set database path to: C:\Users\Acer\.stmcufinder\plugins\mcufinder//mcu/cs/
2023-12-13 15:48:01,794 [INFO] MainPanel:262 - HeapMemory: 268435456
2023-12-13 15:48:01,883 [INFO] DbMcusXml:78 - Set database path to: C:\ST\STM32CubeIDE_1.13.0\STM32CubeIDE\plugins\com.st.stm32cube.common.mx_6.9.0.202307051724\\db\/mcu/
2023-12-13 15:48:01,884 [INFO] ApiDb:274 - Set plugin database path to: C:\ST\STM32CubeIDE_1.13.0\STM32CubeIDE\plugins\com.st.stm32cube.common.mx_6.9.0.202307051724\\db\/plugins/boardmanager/
2023-12-13 15:48:01,884 [INFO] ApiDb:261 - Set plugin images path to: C:\ST\STM32CubeIDE_1.13.0\STM32CubeIDE\plugins\com.st.stm32cube.common.mx_6.9.0.202307051724\\db\/plugins/mcufinder/images/
2023-12-13 15:48:01,884 [WARN] DbFile:41 - Overriding database path with different value: C:\Users\Acer\.stmcufinder\plugins\mcufinder/ => C:\Users\Acer\.stmcufinder\plugins\mcufinder
2023-12-13 15:48:01,884 [INFO] ApiDb:250 - Set database path to: C:\Users\Acer\.stmcufinder\plugins\mcufinder//mcu/
2023-12-13 15:48:01,884 [WARN] DbFile:41 - Overriding database path with different value: C:\Users\Acer\.stmcufinder\plugins\mcufinder/ => C:\Users\Acer\.stmcufinder\plugins\mcufinder
2023-12-13 15:48:01,884 [INFO] DbMcusAds:125 - Set database path to: C:\Users\Acer\.stmcufinder\plugins\mcufinder//mcu/
2023-12-13 15:48:01,884 [WARN] DbFile:41 - Overriding database path with different value: C:\Users\Acer\.stmcufinder\plugins\mcufinder/ => C:\Users\Acer\.stmcufinder\plugins\mcufinder
2023-12-13 15:48:01,884 [WARN] DbFile:41 - Overriding database path with different value: C:\Users\Acer\.stmcufinder\plugins\mcufinder/ => C:\Users\Acer\.stmcufinder\plugins\mcufinder
2023-12-13 15:48:01,885 [INFO] CrossReferenceDbSqlite:203 - Set database path to: C:\Users\Acer\.stmcufinder\plugins\mcufinder//mcu/cs/
2023-12-13 15:48:01,900 [INFO] ApplicationProperties:184 - Using Application install path: C:\ST\STM32CubeIDE_1.13.0\STM32CubeIDE\plugins\com.st.stm32cube.common.mx_6.9.0.202307051724
2023-12-13 15:48:01,902 [INFO] PluginManage:196 - Search for loadable plugins [exclusion list=, ]
2023-12-13 15:48:01,903 [INFO] PluginManage:310 - Check plugin analytics
2023-12-13 15:48:02,036 [INFO] AnalyticsPlugin:253 - Accepted Software Licenses: STM32CubeMX.6.9.0
2023-12-13 15:48:02,037 [INFO] AnalyticsPlugin:255 - Accepted CMSIS Pack Licenses: 
2023-12-13 15:48:02,037 [INFO] AnalyticsPlugin:257 - Accepted Firmware Licenses: FW.F4.1.27.0
2023-12-13 15:48:02,039 [INFO] PluginManage:359 - Loaded plugin analytics (category:tool,tabindex:-1)
2023-12-13 15:48:02,040 [INFO] PluginManage:310 - Check plugin cadmodel
2023-12-13 15:48:02,053 [INFO] CADModel:105 - Init CAD model plugin
2023-12-13 15:48:02,053 [INFO] PluginManage:359 - Loaded plugin cadmodel (category:power,tabindex:5)
2023-12-13 15:48:02,053 [INFO] PluginManage:310 - Check plugin clock
2023-12-13 15:48:02,070 [INFO] PluginManage:359 - Loaded plugin clock (category:base,tabindex:2)
2023-12-13 15:48:02,070 [INFO] PluginManage:310 - Check plugin ddr
2023-12-13 15:48:02,073 [INFO] PluginManage:359 - Loaded plugin ddr (category:tool,tabindex:6)
2023-12-13 15:48:02,073 [INFO] PluginManage:310 - Check plugin filemanager
2023-12-13 15:48:02,188 [INFO] PluginManage:359 - Loaded plugin filemanager (category:base,tabindex:10)
2023-12-13 15:48:02,188 [INFO] PluginManage:310 - Check plugin ipmanager
2023-12-13 15:48:02,195 [INFO] PluginManage:359 - Loaded plugin ipmanager (category:base,tabindex:5)
2023-12-13 15:48:02,195 [INFO] PluginManage:310 - Check plugin lpbam
2023-12-13 15:48:02,211 [INFO] PluginManage:359 - Loaded plugin lpbam (category:base,tabindex:0)
2023-12-13 15:48:02,211 [INFO] PluginManage:310 - Check plugin memorymap
2023-12-13 15:48:02,233 [INFO] PluginManage:359 - Loaded plugin memorymap (category:base,tabindex:4)
2023-12-13 15:48:02,233 [INFO] PluginManage:310 - Check plugin pinoutandconfiguration
2023-12-13 15:48:02,248 [INFO] PluginManage:359 - Loaded plugin pinoutandconfiguration (category:base,tabindex:1)
2023-12-13 15:48:02,248 [INFO] PluginManage:310 - Check plugin pinoutconfig
2023-12-13 15:48:02,337 [WARN] SupportedApi:132 - Cannot load RTOS API schema: s4s-elt-must-match.1: The content of 'definitions' must match (annotation?, (simpleType | complexType)?, (unique | key | keyref)*)). A problem was found starting at: attribute.
2023-12-13 15:48:02,457 [INFO] PluginManage:359 - Loaded plugin pinoutconfig (category:base,tabindex:0)
2023-12-13 15:48:02,457 [INFO] PluginManage:310 - Check plugin power
2023-12-13 15:48:02,477 [INFO] PluginManage:359 - Loaded plugin power (category:power,tabindex:4)
2023-12-13 15:48:02,477 [INFO] PluginManage:310 - Check plugin projectmanager
2023-12-13 15:48:02,488 [INFO] PluginManage:359 - Loaded plugin projectmanager (category:projectmanager,tabindex:3)
2023-12-13 15:48:02,488 [INFO] PluginManage:310 - Check plugin thirdparty
2023-12-13 15:48:02,732 [INFO] PluginManage:359 - Loaded plugin thirdparty (category:base,tabindex:-1)
2023-12-13 15:48:02,732 [WARN] IntegrityCheckThread:84 - waiting for thirdparty lock release [integrity check]
2023-12-13 15:48:02,732 [INFO] PluginManage:310 - Check plugin tools
2023-12-13 15:48:02,732 [INFO] IntegrityCheckThread:86 - entering critical section [integrity check]
2023-12-13 15:48:02,732 [INFO] ThirdPartyUpdaterWithRetryManager:70 - Updater plugin not ready yet. [1/15]
2023-12-13 15:48:02,762 [INFO] PluginManage:359 - Loaded plugin tools (category:base,tabindex:7)
2023-12-13 15:48:02,762 [INFO] PluginManage:310 - Check plugin tutovideos
2023-12-13 15:48:02,948 [INFO] PluginManage:359 - Loaded plugin tutovideos (category:base,tabindex:-1)
2023-12-13 15:48:02,949 [INFO] PluginManage:310 - Check plugin updater
2023-12-13 15:48:02,959 [INFO] PluginManage:359 - Loaded plugin updater (category:base,tabindex:12)
2023-12-13 15:48:02,959 [INFO] PluginManage:310 - Check plugin userauth
2023-12-13 15:48:02,965 [INFO] UserAuth:113 - Init User Auth plugin
2023-12-13 15:48:02,965 [INFO] PluginManage:359 - Loaded plugin userauth (category:base,tabindex:14)
2023-12-13 15:48:02,965 [INFO] PluginManage:283 - PluginManage : Loaded plugins [17]
2023-12-13 15:48:03,173 [INFO] PinOutPanel:1499 - setPackage(No Configuration,No Configuration)
2023-12-13 15:48:03,291 [INFO] CADModel:165 - CPN selected for project level
2023-12-13 15:48:03,291 [INFO] CADModel:114 - Register for checkConnection events
2023-12-13 15:48:03,316 [INFO] IPUIPlugin:80 - create IPUIPlugin
2023-12-13 15:48:03,316 [INFO] PluginManager:220 - loadIPPluginJar : add adc
2023-12-13 15:48:03,345 [INFO] IPUIPlugin:80 - create IPUIPlugin
2023-12-13 15:48:03,345 [INFO] PluginManager:220 - loadIPPluginJar : add aes
2023-12-13 15:48:03,383 [INFO] IPUIPlugin:80 - create IPUIPlugin
2023-12-13 15:48:03,383 [INFO] PluginManager:220 - loadIPPluginJar : add can
2023-12-13 15:48:03,402 [INFO] IPUIPlugin:80 - create IPUIPlugin
2023-12-13 15:48:03,402 [INFO] PluginManager:220 - loadIPPluginJar : add comp
2023-12-13 15:48:03,432 [INFO] IPUIPlugin:80 - create IPUIPlugin
2023-12-13 15:48:03,432 [INFO] PluginManager:220 - loadIPPluginJar : add cryp
2023-12-13 15:48:03,457 [INFO] IPUIPlugin:80 - create IPUIPlugin
2023-12-13 15:48:03,457 [INFO] PluginManager:220 - loadIPPluginJar : add dfsdm
2023-12-13 15:48:03,472 [INFO] IPUIPlugin:80 - create IPUIPlugin
2023-12-13 15:48:03,472 [INFO] PluginManager:220 - loadIPPluginJar : add dma
2023-12-13 15:48:03,514 [INFO] IPUIPlugin:80 - create IPUIPlugin
2023-12-13 15:48:03,514 [INFO] PluginManager:220 - loadIPPluginJar : add dma3
2023-12-13 15:48:03,533 [INFO] IPUIPlugin:80 - create IPUIPlugin
2023-12-13 15:48:03,533 [INFO] PluginManager:220 - loadIPPluginJar : add fatfs
2023-12-13 15:48:03,576 [INFO] IPUIPlugin:80 - create IPUIPlugin
2023-12-13 15:48:03,576 [INFO] PluginManager:220 - loadIPPluginJar : add fmc
2023-12-13 15:48:03,591 [INFO] IPUIPlugin:80 - create IPUIPlugin
2023-12-13 15:48:03,591 [INFO] PluginManager:220 - loadIPPluginJar : add freertos
2023-12-13 15:48:03,609 [INFO] IPUIPlugin:80 - create IPUIPlugin
2023-12-13 15:48:03,609 [INFO] PluginManager:220 - loadIPPluginJar : add genericplugin
2023-12-13 15:48:03,695 [INFO] IPUIPlugin:80 - create IPUIPlugin
2023-12-13 15:48:03,695 [INFO] PluginManager:220 - loadIPPluginJar : add gfxmmu
2023-12-13 15:48:03,796 [INFO] IPUIPlugin:80 - create IPUIPlugin
2023-12-13 15:48:03,796 [INFO] PluginManager:220 - loadIPPluginJar : add gic
2023-12-13 15:48:03,809 [INFO] IPUIPlugin:80 - create IPUIPlugin
2023-12-13 15:48:03,809 [INFO] PluginManager:220 - loadIPPluginJar : add gpio
2023-12-13 15:48:03,877 [INFO] IPUIPlugin:80 - create IPUIPlugin
2023-12-13 15:48:03,877 [INFO] PluginManager:220 - loadIPPluginJar : add gtzc
2023-12-13 15:48:03,905 [INFO] IPUIPlugin:80 - create IPUIPlugin
2023-12-13 15:48:03,905 [INFO] PluginManager:220 - loadIPPluginJar : add hash
2023-12-13 15:48:03,945 [INFO] IPUIPlugin:80 - create IPUIPlugin
2023-12-13 15:48:03,945 [INFO] PluginManager:220 - loadIPPluginJar : add i2c
2023-12-13 15:48:03,983 [INFO] IPUIPlugin:80 - create IPUIPlugin
2023-12-13 15:48:03,984 [INFO] PluginManager:220 - loadIPPluginJar : add i2s
2023-12-13 15:48:04,020 [INFO] IPUIPlugin:80 - create IPUIPlugin
2023-12-13 15:48:04,020 [INFO] PluginManager:220 - loadIPPluginJar : add i3c
2023-12-13 15:48:04,106 [INFO] IPUIPlugin:80 - create IPUIPlugin
2023-12-13 15:48:04,106 [INFO] PluginManager:220 - loadIPPluginJar : add ipddr
2023-12-13 15:48:04,180 [INFO] IPUIPlugin:80 - create IPUIPlugin
2023-12-13 15:48:04,180 [INFO] PluginManager:220 - loadIPPluginJar : add linkedlist
2023-12-13 15:48:04,213 [INFO] IPUIPlugin:80 - create IPUIPlugin
2023-12-13 15:48:04,213 [INFO] PluginManager:220 - loadIPPluginJar : add lorawan
2023-12-13 15:48:04,242 [INFO] IPUIPlugin:80 - create IPUIPlugin
2023-12-13 15:48:04,242 [INFO] PluginManager:220 - loadIPPluginJar : add ltdc
2023-12-13 15:48:04,256 [INFO] IPUIPlugin:80 - create IPUIPlugin
2023-12-13 15:48:04,256 [INFO] PluginManager:220 - loadIPPluginJar : add mdma
2023-12-13 15:48:04,268 [INFO] IPUIPlugin:80 - create IPUIPlugin
2023-12-13 15:48:04,268 [INFO] PluginManager:220 - loadIPPluginJar : add nvic
2023-12-13 15:48:04,297 [INFO] IPUIPlugin:80 - create IPUIPlugin
2023-12-13 15:48:04,297 [INFO] PluginManager:220 - loadIPPluginJar : add opamp
2023-12-13 15:48:04,344 [INFO] IPUIPlugin:80 - create IPUIPlugin
2023-12-13 15:48:04,344 [INFO] PluginManager:220 - loadIPPluginJar : add openamp
2023-12-13 15:48:04,379 [INFO] IPUIPlugin:80 - create IPUIPlugin
2023-12-13 15:48:04,379 [INFO] PluginManager:220 - loadIPPluginJar : add pdm2pcm
2023-12-13 15:48:04,392 [INFO] IPUIPlugin:80 - create IPUIPlugin
2023-12-13 15:48:04,394 [INFO] PluginManager:220 - loadIPPluginJar : add plateformsettings
2023-12-13 15:48:04,413 [INFO] IPUIPlugin:80 - create IPUIPlugin
2023-12-13 15:48:04,413 [INFO] PluginManager:220 - loadIPPluginJar : add quadspi
2023-12-13 15:48:04,426 [INFO] IPUIPlugin:80 - create IPUIPlugin
2023-12-13 15:48:04,426 [INFO] PluginManager:220 - loadIPPluginJar : add resmgrutility
2023-12-13 15:48:04,464 [INFO] IPUIPlugin:80 - create IPUIPlugin
2023-12-13 15:48:04,464 [INFO] PluginManager:220 - loadIPPluginJar : add sai
2023-12-13 15:48:04,501 [INFO] IPUIPlugin:80 - create IPUIPlugin
2023-12-13 15:48:04,501 [INFO] PluginManager:220 - loadIPPluginJar : add spi
2023-12-13 15:48:04,551 [INFO] IPUIPlugin:80 - create IPUIPlugin
2023-12-13 15:48:04,551 [INFO] PluginManager:220 - loadIPPluginJar : add stm32_wpan
2023-12-13 15:48:04,576 [INFO] IPUIPlugin:80 - create IPUIPlugin
2023-12-13 15:48:04,576 [INFO] PluginManager:220 - loadIPPluginJar : add tim
2023-12-13 15:48:04,624 [INFO] IPUIPlugin:80 - create IPUIPlugin
2023-12-13 15:48:04,624 [INFO] PluginManager:220 - loadIPPluginJar : add touchsensing
2023-12-13 15:48:04,644 [INFO] IPUIPlugin:80 - create IPUIPlugin
2023-12-13 15:48:04,644 [INFO] PluginManager:220 - loadIPPluginJar : add tracer_emb
2023-12-13 15:48:04,664 [INFO] IPUIPlugin:80 - create IPUIPlugin
2023-12-13 15:48:04,664 [INFO] PluginManager:220 - loadIPPluginJar : add ts
2023-12-13 15:48:04,682 [INFO] IPUIPlugin:80 - create IPUIPlugin
2023-12-13 15:48:04,683 [INFO] PluginManager:220 - loadIPPluginJar : add tsc
2023-12-13 15:48:04,701 [INFO] IPUIPlugin:80 - create IPUIPlugin
2023-12-13 15:48:04,702 [INFO] PluginManager:220 - loadIPPluginJar : add ucpd
2023-12-13 15:48:04,736 [INFO] IPUIPlugin:80 - create IPUIPlugin
2023-12-13 15:48:04,736 [INFO] PluginManager:220 - loadIPPluginJar : add usart
2023-12-13 15:48:04,770 [INFO] IPUIPlugin:80 - create IPUIPlugin
2023-12-13 15:48:04,770 [INFO] PluginManager:220 - loadIPPluginJar : add usbx
2023-12-13 15:48:04,889 [INFO] CADModel:165 - CPN selected for project level
2023-12-13 15:48:04,889 [INFO] CADModel:114 - Register for checkConnection events
2023-12-13 15:48:04,889 [FATAL] Updater:308 - Updater called before beeing initialized
2023-12-13 15:48:04,889 [ERROR] CADModel:125 - Updater not yet initialized, retry later 
2023-12-13 15:48:05,020 [INFO] CADModel:165 - CPN selected for project level
2023-12-13 15:48:05,020 [INFO] CADModel:114 - Register for checkConnection events
2023-12-13 15:48:05,020 [FATAL] Updater:308 - Updater called before beeing initialized
2023-12-13 15:48:05,020 [ERROR] CADModel:125 - Updater not yet initialized, retry later 
2023-12-13 15:48:05,023 [FATAL] Updater:308 - Updater called before beeing initialized
2023-12-13 15:48:05,125 [FATAL] Updater:308 - Updater called before beeing initialized
2023-12-13 15:48:05,135 [INFO] DbMcusAds:53 - JSON generation date=Wed Nov 29 17:52:38 ICT 2023 (1701255158764)
2023-12-13 15:48:05,136 [FATAL] Updater:308 - Updater called before beeing initialized
2023-12-13 15:48:05,172 [WARN] DetailPanel:346 - Failed to get advertising image, set to default
2023-12-13 15:48:05,255 [FATAL] Updater:308 - Updater called before beeing initialized
2023-12-13 15:48:05,257 [FATAL] Updater:308 - Updater called before beeing initialized
2023-12-13 15:48:05,257 [FATAL] Updater:308 - Updater called before beeing initialized
2023-12-13 15:48:05,257 [WARN] DetailPanel:346 - Failed to get advertising image, set to default
2023-12-13 15:48:05,259 [FATAL] Updater:308 - Updater called before beeing initialized
2023-12-13 15:48:05,322 [ERROR] Updater:1120 - MainUpdater not yet initialized. External WinMGr cannot be set.
2023-12-13 15:48:05,331 [INFO] Updater:1056 - Updater Version found : 6.9.0
2023-12-13 15:48:05,348 [INFO] ApplicationProperties:184 - Using Application install path: C:\ST\STM32CubeIDE_1.13.0\STM32CubeIDE\plugins\com.st.stm32cube.common.mx_6.9.0.202307051724
2023-12-13 15:48:05,518 [INFO] MainUpdater:2868 - connection check result : 10
2023-12-13 15:48:05,518 [INFO] MainUpdater:3562 - Updater definition file requires update
2023-12-13 15:48:05,519 [INFO] MainUpdater:285 - Updater Check For Update Now.
2023-12-13 15:48:05,519 [INFO] MicroXplorer:498 - Change Database Version : DB.6.0.90
2023-12-13 15:48:05,534 [INFO] McuFinderGlobals:63 - Set McuFinder mode to 2 (CubeIDE integrated)
2023-12-13 15:48:05,551 [INFO] ServerAccessManage:473 - Download File updaters.zip
2023-12-13 15:48:05,734 [WARN] MainUpdater:1189 - Updater busy. Cannot search thirdparties
2023-12-13 15:48:05,734 [INFO] ThirdPartyUpdaterWithRetryManager:96 - Updater plugin is busy. [1/15]
2023-12-13 15:48:05,830 [INFO] FileExtend:240 - Unzip File : updaters.zip
2023-12-13 15:48:05,830 [INFO] FileExtend:255 - Standard Zip Deflate
2023-12-13 15:48:06,213 [INFO] ServerAccessManage:473 - Download File PacksControlFlags.xml
2023-12-13 15:48:06,328 [INFO] ServerAccessManage:473 - Download File cubemx.pidx
2023-12-13 15:48:07,359 [INFO] ServerAccessManage:473 - Download File STMicroelectronics.X-CUBE-ISPU.pdsc
2023-12-13 15:48:07,728 [INFO] ServerAccessManage:473 - Download File STMicroelectronics.X-CUBE-TOUCHGFX.pdsc
2023-12-13 15:48:08,053 [INFO] ServerAccessManage:473 - Download File STMicroelectronics.X-CUBE-AZRTOS-H7.pdsc
2023-12-13 15:48:08,735 [WARN] MainUpdater:1189 - Updater busy. Cannot search thirdparties
2023-12-13 15:48:08,735 [INFO] ThirdPartyUpdaterWithRetryManager:96 - Updater plugin is busy. [2/15]
2023-12-13 15:48:09,169 [WARN] PackLoader:240 - Cannot read IP mode file for STMicroelectronics.X-CUBE-ISPU.2.0.0
2023-12-13 15:48:09,176 [WARN] PackLoader:240 - Cannot read IP mode file for STMicroelectronics.X-CUBE-TOUCHGFX.4.23.0
2023-12-13 15:48:09,212 [WARN] PackLoader:240 - Cannot read IP mode file for STMicroelectronics.X-CUBE-AZRTOS-H7.3.2.0
2023-12-13 15:48:09,218 [INFO] PopulateThirdPartyThread:66 - Ending populate Thread
2023-12-13 15:48:09,219 [INFO] ThirdParty:1030 - CMSIS Pack Vendor :STMicroelectronics X-CUBE-TOUCHGFX 4.23.0
2023-12-13 15:48:09,220 [INFO] ThirdParty:1030 - CMSIS Pack Vendor :STMicroelectronics X-CUBE-AZRTOS-H7 3.2.0
2023-12-13 15:48:09,220 [INFO] ThirdParty:1030 - CMSIS Pack Vendor :STMicroelectronics X-CUBE-ISPU 2.0.0
2023-12-13 15:48:09,220 [INFO] LoadServerUpdatesThread:373 - End of LoadServerUpdate Thread
2023-12-13 15:48:09,295 [INFO] CheckServerUpdateThread:120 - End of CheckServer Thread
2023-12-13 15:48:11,941 [WARN] PackLoader:240 - Cannot read IP mode file for STMicroelectronics.X-CUBE-SMBUS.2.1.0
2023-12-13 15:48:11,944 [WARN] PackLoader:240 - Cannot read IP mode file for STMicroelectronics.X-CUBE-TOUCHGFX.4.23.0
2023-12-13 15:48:11,975 [WARN] PackLoader:240 - Cannot read IP mode file for STMicroelectronics.X-CUBE-AZRTOS-F7.1.1.0
2023-12-13 15:48:11,996 [WARN] PackLoader:240 - Cannot read IP mode file for STMicroelectronics.FP-SNS-MOTENV1.4.3.2
2023-12-13 15:48:12,016 [WARN] PackLoader:240 - Cannot read IP mode file for STMicroelectronics.X-CUBE-BLE1.6.2.3
2023-12-13 15:48:12,027 [WARN] PackLoader:240 - Cannot read IP mode file for STMicroelectronics.X-CUBE-BLE1.6.2.4
2023-12-13 15:48:12,035 [WARN] PackLoader:240 - Cannot read IP mode file for STMicroelectronics.FP-SNS-FLIGHT1.5.0.2
2023-12-13 15:48:12,053 [WARN] PackLoader:240 - Cannot read IP mode file for STMicroelectronics.X-CUBE-DISPLAY.3.0.0
2023-12-13 15:48:12,073 [WARN] PackLoader:240 - Cannot read IP mode file for STMicroelectronics.X-CUBE-BLE1.7.0.0
2023-12-13 15:48:12,084 [WARN] PackLoader:240 - Cannot read IP mode file for STMicroelectronics.X-CUBE-TOUCHGFX.4.22.0
2023-12-13 15:48:12,095 [WARN] PackLoader:240 - Cannot read IP mode file for STMicroelectronics.X-CUBE-TOUCHGFX.4.22.1
2023-12-13 15:48:12,169 [WARN] PackLoader:240 - Cannot read IP mode file for STMicroelectronics.X-CUBE-MEMS1.9.3.0
2023-12-13 15:48:12,327 [WARN] PackLoader:240 - Cannot read IP mode file for STMicroelectronics.X-CUBE-AI.7.2.0
2023-12-13 15:48:12,342 [WARN] PackLoader:240 - Cannot read IP mode file for STMicroelectronics.FP-SNS-SMARTAG2.1.2.0
2023-12-13 15:48:12,362 [INFO] LogOutputStream:77 - [STDOUT_REDIRECT] 1 : Invalid condition id : UX_CORESTACK_Condition cause : null
2023-12-13 15:48:12,363 [INFO] LogOutputStream:77 - [STDOUT_REDIRECT] 1 : Invalid condition id : UX_CORESTACK_Condition cause : null
2023-12-13 15:48:12,364 [INFO] LogOutputStream:77 - [STDOUT_REDIRECT] 1 : Invalid condition id : UX_CORESTACK_Condition cause : null
2023-12-13 15:48:12,365 [INFO] LogOutputStream:77 - [STDOUT_REDIRECT] 1 : Invalid condition id : UX_CORESTACK_Condition cause : null
2023-12-13 15:48:12,366 [INFO] LogOutputStream:77 - [STDOUT_REDIRECT] 1 : Invalid condition id : UX_CORESTACK_Condition cause : null
2023-12-13 15:48:12,371 [WARN] PackLoader:240 - Cannot read IP mode file for STMicroelectronics.X-CUBE-AZRTOS-WL.2.0.0
2023-12-13 15:48:12,387 [WARN] PackLoader:240 - Cannot read IP mode file for WES.I-CUBE-Cesium.1.3.0
2023-12-13 15:48:12,399 [WARN] PackLoader:240 - Cannot read IP mode file for STMicroelectronics.X-CUBE-BLE2.3.3.0
2023-12-13 15:48:12,412 [WARN] PackLoader:240 - Cannot read IP mode file for STMicroelectronics.X-CUBE-DISPLAY.2.2.0
2023-12-13 15:48:12,433 [WARN] PackLoader:240 - Cannot read IP mode file for STMicroelectronics.X-CUBE-TOF1.3.2.0
2023-12-13 15:48:12,452 [WARN] PackLoader:240 - Cannot read IP mode file for STMicroelectronics.X-CUBE-ISPU.1.0.0
2023-12-13 15:48:12,485 [WARN] PackLoader:240 - Cannot read IP mode file for STMicroelectronics.X-CUBE-AZRTOS-H7.2.1.0
2023-12-13 15:48:12,505 [WARN] PackLoader:240 - Cannot read IP mode file for STMicroelectronics.X-CUBE-ALGOBUILD.1.3.0
2023-12-13 15:48:12,535 [WARN] PackLoader:240 - Cannot read IP mode file for STMicroelectronics.X-CUBE-AZRTOS-G0.1.1.0
2023-12-13 15:48:12,551 [WARN] PackLoader:240 - Cannot read IP mode file for STMicroelectronics.X-CUBE-NFC4.3.0.0
2023-12-13 15:48:12,620 [WARN] PackLoader:240 - Cannot read IP mode file for SEGGER.I-CUBE-embOS.1.2.1
2023-12-13 15:48:12,680 [WARN] PackLoader:240 - Cannot read IP mode file for STMicroelectronics.X-CUBE-BLEMGR.3.0.0
2023-12-13 15:48:12,687 [WARN] PackLoader:240 - Cannot read IP mode file for STMicroelectronics.FP-ATR-SIGFOX1.3.2.0
2023-12-13 15:48:12,699 [WARN] PackLoader:240 - Cannot read IP mode file for emotas.I-CUBE-CANOPEN.1.1.2
2023-12-13 15:48:12,711 [WARN] PackLoader:240 - Cannot read IP mode file for STMicroelectronics.X-CUBE-TOUCHGFX.4.20.0
2023-12-13 15:48:12,745 [WARN] PackLoader:240 - Cannot read IP mode file for SEGGER.I-CUBE-embOS.1.3.1
2023-12-13 15:48:12,791 [WARN] PackLoader:240 - Cannot read IP mode file for STMicroelectronics.X-CUBE-GNSS1.6.0.0
2023-12-13 15:48:12,820 [WARN] PackLoader:240 - Cannot read IP mode file for STMicroelectronics.X-CUBE-AZRTOS-F4.1.1.0
2023-12-13 15:48:12,837 [WARN] PackLoader:240 - Cannot read IP mode file for STMicroelectronics.X-CUBE-BLEMGR.1.2.0
2023-12-13 15:48:12,868 [WARN] PackLoader:240 - Cannot read IP mode file for STMicroelectronics.X-CUBE-AZRTOS-L5.2.0.0
2023-12-13 15:48:12,915 [WARN] PackLoader:240 - Cannot read IP mode file for STMicroelectronics.X-CUBE-MEMS1.9.6.0
2023-12-13 15:48:13,046 [WARN] PackLoader:240 - Cannot read IP mode file for STMicroelectronics.X-CUBE-EEPRMA1.4.2.0
2023-12-13 15:48:13,060 [WARN] PackLoader:240 - Cannot read IP mode file for ITTIA_DB.I-CUBE-ITTIADB.8.8.0
2023-12-13 15:48:13,078 [WARN] PackLoader:240 - Cannot read IP mode file for STMicroelectronics.X-CUBE-BLEMGR.2.0.0
2023-12-13 15:48:13,092 [WARN] PackLoader:240 - Cannot read IP mode file for STMicroelectronics.X-CUBE-NFC4.2.0.4
2023-12-13 15:48:13,124 [WARN] ConditionMgr:438 - getConditionDescription Invalid condition id : UX DEVICE CLASS RTOS Condition cause : null
2023-12-13 15:48:13,124 [WARN] ConditionMgr:438 - getConditionDescription Invalid condition id : UX DEVICE CLASS RTOS Condition cause : null
2023-12-13 15:48:13,125 [WARN] PackLoader:240 - Cannot read IP mode file for STMicroelectronics.X-CUBE-AZRTOS-H7.3.1.0
2023-12-13 15:48:13,126 [WARN] ConditionMgr:1039 - genDependencies : Invalid condition id : UX DEVICE CLASS RTOS Condition cause : null
2023-12-13 15:48:13,126 [WARN] ConditionMgr:1039 - genDependencies : Invalid condition id : UX DEVICE CLASS RTOS Condition cause : null
2023-12-13 15:48:13,126 [WARN] ConditionMgr:1039 - genDependencies : Invalid condition id : UX DEVICE CLASS RTOS Condition cause : null
2023-12-13 15:48:13,127 [WARN] ConditionMgr:1039 - genDependencies : Invalid condition id : UX DEVICE CLASS RTOS Condition cause : null
2023-12-13 15:48:13,127 [WARN] ConditionMgr:1039 - genDependencies : Invalid condition id : UX DEVICE CLASS RTOS Condition cause : null
2023-12-13 15:48:13,140 [WARN] PackLoader:240 - Cannot read IP mode file for wolfSSL.I-CUBE-wolfSSL.5.5.1
2023-12-13 15:48:13,156 [WARN] PackLoader:240 - Cannot read IP mode file for STMicroelectronics.X-CUBE-NFC7.1.0.1
2023-12-13 15:48:13,170 [WARN] PackLoader:240 - Cannot read IP mode file for STMicroelectronics.X-CUBE-NFC7.1.0.0
2023-12-13 15:48:13,187 [WARN] PackLoader:240 - Cannot read IP mode file for STMicroelectronics.X-CUBE-NFC6.3.0.0
2023-12-13 15:48:13,202 [WARN] PackLoader:240 - Cannot read IP mode file for STMicroelectronics.X-CUBE-EEPRMA1.4.1.0
2023-12-13 15:48:13,215 [WARN] PackLoader:240 - Cannot read IP mode file for STMicroelectronics.X-CUBE-AI.8.1.0
2023-12-13 15:48:13,253 [WARN] ConditionMgr:438 - getConditionDescription Invalid condition id : LAN8742 Phy interface Condition cause : null
2023-12-13 15:48:13,254 [WARN] PackLoader:240 - Cannot read IP mode file for STMicroelectronics.X-CUBE-AZRTOS-L4.2.0.0
2023-12-13 15:48:13,255 [WARN] ConditionMgr:1039 - genDependencies : Invalid condition id : LAN8742 Phy interface Condition cause : null
2023-12-13 15:48:13,256 [WARN] ConditionMgr:1039 - genDependencies : Invalid condition id : LAN8742 Phy interface Condition cause : null
2023-12-13 15:48:13,257 [WARN] ConditionMgr:1039 - genDependencies : Invalid condition id : LAN8742 Phy interface Condition cause : null
2023-12-13 15:48:13,272 [WARN] PackLoader:240 - Cannot read IP mode file for STMicroelectronics.X-CUBE-SFXS2LP1.4.0.0
2023-12-13 15:48:13,282 [WARN] PackLoader:240 - Cannot read IP mode file for STMicroelectronics.X-CUBE-ISPU.1.1.0
2023-12-13 15:48:13,295 [WARN] PackLoader:240 - Cannot read IP mode file for RoweBots.I-CUBE-UNISONRTOS.5.5.0-4
2023-12-13 15:48:13,315 [WARN] ConditionMgr:438 - getConditionDescription Invalid condition id : UX DEVICE CLASS RTOS Condition cause : null
2023-12-13 15:48:13,315 [WARN] ConditionMgr:438 - getConditionDescription Invalid condition id : UX DEVICE CLASS RTOS Condition cause : null
2023-12-13 15:48:13,316 [WARN] PackLoader:240 - Cannot read IP mode file for STMicroelectronics.X-CUBE-AZRTOS-WB.2.0.0
2023-12-13 15:48:13,317 [WARN] ConditionMgr:1039 - genDependencies : Invalid condition id : UX DEVICE CLASS RTOS Condition cause : null
2023-12-13 15:48:13,317 [WARN] ConditionMgr:1039 - genDependencies : Invalid condition id : UX DEVICE CLASS RTOS Condition cause : null
2023-12-13 15:48:13,317 [WARN] ConditionMgr:1039 - genDependencies : Invalid condition id : UX DEVICE CLASS RTOS Condition cause : null
2023-12-13 15:48:13,317 [WARN] ConditionMgr:1039 - genDependencies : Invalid condition id : UX DEVICE CLASS RTOS Condition cause : null
2023-12-13 15:48:13,317 [WARN] ConditionMgr:1039 - genDependencies : Invalid condition id : UX DEVICE CLASS RTOS Condition cause : null
2023-12-13 15:48:13,332 [WARN] PackLoader:240 - Cannot read IP mode file for STMicroelectronics.X-CUBE-FREERTOS.1.0.1
2023-12-13 15:48:13,355 [WARN] PackLoader:240 - Cannot read IP mode file for STMicroelectronics.X-CUBE-AZRTOS-L5.1.1.0
2023-12-13 15:48:13,367 [WARN] PackLoader:240 - Cannot read IP mode file for STMicroelectronics.X-CUBE-AI.8.0.1
2023-12-13 15:48:13,383 [WARN] PackLoader:240 - Cannot read IP mode file for STMicroelectronics.X-CUBE-SUBG2.5.0.0
2023-12-13 15:48:13,401 [WARN] PackLoader:240 - Cannot read IP mode file for STMicroelectronics.X-CUBE-TOF1.3.3.1
2023-12-13 15:48:13,430 [WARN] PackLoader:240 - Cannot read IP mode file for STMicroelectronics.X-CUBE-AZRTOS-G4.2.0.0
2023-12-13 15:48:13,445 [WARN] PackLoader:240 - Cannot read IP mode file for STMicroelectronics.FP-ATR-ASTRA1.1.1.1
2023-12-13 15:48:13,464 [WARN] PackLoader:240 - Cannot read IP mode file for Infineon.AIROC-Wi-Fi-Bluetooth-STM32.1.5.1
2023-12-13 15:48:13,480 [WARN] PackLoader:240 - Cannot read IP mode file for STMicroelectronics.FP-SNS-MOTENVWB1.1.3.0
2023-12-13 15:48:13,484 [WARN] PackLoader:240 - Cannot read IP mode file for STMicroelectronics.FP-SNS-MOTENVWB1.1.3.1
2023-12-13 15:48:13,507 [WARN] PackLoader:240 - Cannot read IP mode file for STMicroelectronics.X-CUBE-AZRTOS-G4.1.0.0
2023-12-13 15:48:13,532 [WARN] PackLoader:240 - Cannot read IP mode file for STMicroelectronics.X-CUBE-AZRTOS-L4.1.0.0
2023-12-13 15:48:13,537 [WARN] PackLoader:240 - Cannot read IP mode file for STMicroelectronics.X-CUBE-ISPU.2.0.0
2023-12-13 15:48:13,583 [WARN] PackLoader:240 - Cannot read IP mode file for STMicroelectronics.X-CUBE-MEMS1.10.0.0
2023-12-13 15:48:13,673 [WARN] PackLoader:240 - Cannot read IP mode file for STMicroelectronics.X-CUBE-FREERTOS.1.1.0
2023-12-13 15:48:13,693 [WARN] PackLoader:240 - Cannot read IP mode file for STMicroelectronics.X-CUBE-AZRTOS-WL.1.0.0
2023-12-13 15:48:13,710 [WARN] PackLoader:240 - Cannot read IP mode file for portGmbH.I-Cube-SoM-uGOAL.1.1.0
2023-12-13 15:48:13,720 [WARN] PackLoader:240 - Cannot read IP mode file for STMicroelectronics.X-CUBE-ALS.1.0.1
2023-12-13 15:48:13,742 [WARN] PackLoader:240 - Cannot read IP mode file for STMicroelectronics.X-CUBE-AZRTOS-WB.1.1.0
2023-12-13 15:48:13,769 [WARN] PackLoader:240 - Cannot read IP mode file for STMicroelectronics.X-CUBE-AZRTOS-L5.1.0.0
2023-12-13 15:48:13,781 [WARN] PackLoader:240 - Cannot read IP mode file for STMicroelectronics.X-CUBE-EEPRMA1.3.1.1
2023-12-13 15:48:13,786 [WARN] PackLoader:240 - Cannot read IP mode file for STMicroelectronics.FP-ATR-ASTRA1.2.0.0
2023-12-13 15:48:13,802 [WARN] PackLoader:240 - Cannot read IP mode file for STMicroelectronics.X-CUBE-TOF1.3.4.0
2023-12-13 15:48:13,821 [WARN] PackLoader:240 - Cannot read IP mode file for STMicroelectronics.X-CUBE-AZRTOS-H7.3.2.0
2023-12-13 15:48:13,824 [INFO] ThirdParty:978 - Integrity check success = true
2023-12-13 15:48:13,824 [INFO] IntegrityCheckThread:100 - exiting critical section [integrity check]
2023-12-13 15:48:13,824 [INFO] IntegrityCheckThread:103 - End integrity checks thread
2023-12-13 15:48:26,953 [ERROR] LogOutputStream:75 - [STDERR_REDIRECT] SLF4J: Failed to load class "org.slf4j.impl.StaticLoggerBinder".
2023-12-13 15:48:26,953 [ERROR] LogOutputStream:75 - [STDERR_REDIRECT] SLF4J: Defaulting to no-operation (NOP) logger implementation
2023-12-13 15:48:26,954 [ERROR] LogOutputStream:75 - [STDERR_REDIRECT] SLF4J: See http://www.slf4j.org/codes.html#StaticLoggerBinder for further details.
2023-12-13 17:40:31,108 [ERROR] ConfigurationRetriever:142 - IOException on connection: Read timed out
2023-12-13 17:40:33,742 [ERROR] ConfigurationRetriever:142 - IOException on connection: Read timed out
