2024-01-06 02:01:35,677 [INFO] McuFinderGlobals:63 - Set McuFinder mode to 2 (CubeIDE integrated)
2024-01-06 02:01:35,710 [INFO] MainUpdater:2868 - connection check result : 10
2024-01-06 02:01:35,710 [INFO] MainUpdater:2868 - connection check result : 10
2024-01-06 02:01:35,770 [INFO] MicroXplorer:468 - Change Database Path : 
2024-01-06 02:01:35,771 [INFO] MicroXplorer:498 - Change Database Version : DB.6.0.90
2024-01-06 02:01:35,776 [WARN] ThirdParty:871 - waiting for thirdparty lock release [close project]
2024-01-06 02:01:35,776 [INFO] ThirdParty:873 - entering critical section [close project]
2024-01-06 02:01:35,778 [INFO] ThirdParty:883 - exiting critical section [close project]
2024-01-06 02:01:35,780 [INFO] PinOutPanel:1499 - setPackage(No Configuration,No Configuration)
2024-01-06 02:01:35,791 [INFO] UtilMem:75 - Begin LoadConfig() Used Memory: 532897016 Bytes (1073741824)
2024-01-06 02:01:35,792 [INFO] MicroXplorer:468 - Change Database Path : 
2024-01-06 02:01:35,792 [INFO] MicroXplorer:498 - Change Database Version : DB.6.0.90
2024-01-06 02:01:35,793 [INFO] OpenFileManager:308 - Change cursor
2024-01-06 02:01:35,840 [INFO] Mcu:1946 - Initializing MCU STM32F103C(8-B)Tx STM32F103C8Tx STM32F103C8T6
2024-01-06 02:01:36,654 [INFO] Context:659 - Trying to add GPIOservice into a context  which must be forbidden
2024-01-06 02:01:37,279 [INFO] RtosManager:555 - Registered RTOS mode: class=CMSIS, group=RTOS, mode=CMSIS_V1, owner=FREERTOS
2024-01-06 02:01:37,279 [INFO] RtosManager:555 - Registered RTOS mode: class=CMSIS, group=RTOS2, mode=CMSIS_V2, owner=FREERTOS
2024-01-06 02:01:37,279 [INFO] RtosManager:555 - Registered RTOS mode: class=RTOS, group=Core, mode=CMSIS_V1, owner=FREERTOS
2024-01-06 02:01:37,279 [INFO] RtosManager:555 - Registered RTOS mode: class=RTOS, group=Core, mode=CMSIS_V2, owner=FREERTOS
2024-01-06 02:01:37,280 [WARN] ModelIntegratedComponent:184 - Missing modes for component STMicroelectronics:FreeRTOS:0.0.1:STMicroelectronics:RTOS:FreeRTOS:Core:::10.2.0:
2024-01-06 02:01:37,308 [WARN] ModelIntegratedComponent:63 - No mode defined for component null
2024-01-06 02:01:37,308 [WARN] ModelIntegratedComponent:63 - No mode defined for component null
2024-01-06 02:01:37,308 [WARN] ModelIntegratedComponent:63 - No mode defined for component null
2024-01-06 02:01:37,308 [WARN] ModelIntegratedComponent:63 - No mode defined for component null
2024-01-06 02:01:37,308 [WARN] ModelIntegratedComponent:63 - No mode defined for component null
2024-01-06 02:01:37,308 [WARN] ModelIntegratedComponent:63 - No mode defined for component null
2024-01-06 02:01:37,308 [WARN] ModelIntegratedComponent:63 - No mode defined for component null
2024-01-06 02:01:37,308 [WARN] ModelIntegratedComponent:63 - No mode defined for component null
2024-01-06 02:01:37,308 [WARN] ModelIntegratedComponent:63 - No mode defined for component null
2024-01-06 02:01:37,308 [WARN] ModelIntegratedComponent:63 - No mode defined for component null
2024-01-06 02:01:37,308 [WARN] ModelIntegratedComponent:63 - No mode defined for component null
2024-01-06 02:01:37,308 [WARN] ModelIntegratedComponent:63 - No mode defined for component null
2024-01-06 02:01:37,308 [WARN] ModelIntegratedComponent:63 - No mode defined for component null
2024-01-06 02:01:37,308 [WARN] ModelIntegratedComponent:63 - No mode defined for component null
2024-01-06 02:01:37,308 [WARN] ModelIntegratedComponent:63 - No mode defined for component null
2024-01-06 02:01:37,308 [WARN] ModelIntegratedComponent:63 - No mode defined for component null
2024-01-06 02:01:37,308 [WARN] ModelIntegratedComponent:63 - No mode defined for component null
2024-01-06 02:01:37,308 [WARN] ModelIntegratedComponent:63 - No mode defined for component null
2024-01-06 02:01:37,309 [WARN] ModelIntegratedComponent:63 - No mode defined for component null
2024-01-06 02:01:37,309 [WARN] ModelIntegratedComponent:63 - No mode defined for component null
2024-01-06 02:01:37,309 [WARN] ModelIntegratedComponent:63 - No mode defined for component null
2024-01-06 02:01:37,309 [WARN] ModelIntegratedComponent:63 - No mode defined for component null
2024-01-06 02:01:37,309 [WARN] ModelIntegratedComponent:63 - No mode defined for component null
2024-01-06 02:01:37,309 [WARN] ModelIntegratedComponent:63 - No mode defined for component null
2024-01-06 02:01:37,309 [WARN] ModelIntegratedComponent:63 - No mode defined for component null
2024-01-06 02:01:37,309 [WARN] ModelIntegratedComponent:63 - No mode defined for component null
2024-01-06 02:01:37,309 [WARN] ModelIntegratedComponent:63 - No mode defined for component null
2024-01-06 02:01:37,309 [WARN] ModelIntegratedComponent:63 - No mode defined for component null
2024-01-06 02:01:37,309 [WARN] ModelIntegratedComponent:63 - No mode defined for component null
2024-01-06 02:01:37,309 [WARN] ModelIntegratedComponent:63 - No mode defined for component null
2024-01-06 02:01:37,309 [WARN] ModelIntegratedComponent:63 - No mode defined for component null
2024-01-06 02:01:37,309 [WARN] ModelIntegratedComponent:63 - No mode defined for component null
2024-01-06 02:01:37,309 [WARN] ModelIntegratedComponent:63 - No mode defined for component null
2024-01-06 02:01:37,516 [INFO] ThirdPartyModel:298 - Start build external matchings
2024-01-06 02:01:38,841 [INFO] ThirdPartyModel:316 - End build external matchings
2024-01-06 02:01:38,865 [INFO] ImportTextPane:194 - (OptionalMessage_ERROR) IP (RCC) : Parameter (ADCFreqValue) has invalid value (36000000)
2024-01-06 02:01:38,865 [INFO] ImportTextPane:194 - (OptionalMessage_ERROR) IP (RCC) : Invalid parameter (FamilyName)
2024-01-06 02:01:38,867 [INFO] ImportTextPane:194 - (OptionalMessage_ERROR) IP (RCC) : Parameter (MCOFreq_Value) has invalid value (72000000)
2024-01-06 02:01:39,038 [INFO] UtilMem:75 - End LoadConfig() Used Memory: 667147392 Bytes (1073741824)
2024-01-06 02:01:39,239 [INFO] ApiDb:581 - Connected to CubeFinder SQLite database (C:\Users\Acer\.stmcufinder\plugins\mcufinder\mcu\cube-finder-db.db)
2024-01-06 02:01:39,298 [INFO] ApiDb:668 - CubeFinder database Data Model version=2.1
2024-01-06 02:01:39,298 [INFO] ApiDb:669 - CubeFinder database Configuration version=3.0.39
2024-01-06 02:01:39,300 [INFO] ApiDb:670 - CubeFinder database generation date=2023-11-06 (1699269565)
2024-01-06 02:01:39,300 [INFO] ApiDb:671 - CubeFinder database FW Pack versions=[FP-ATR-ASTRA1_V2.0.0, FP-SNS-FLIGHT1_V5.0.1, FP-SNS-FLIGHT1_V5.0.2, FP-SNS-MOTENV1_V4.3.1, FP-SNS-MOTENV1_V4.3.2, FP-SNS-MOTENVWB1_V1.3.0, FP-SNS-SMARTAG2_V1.2.0, STM32Cube_FW_C0_V1.1.0, STM32Cube_FW_F4_V1.28.0, STM32Cube_FW_F7_V1.17.0, STM32Cube_FW_G0_V1.6.1, STM32Cube_FW_G4_V1.5.1, STM32Cube_FW_H5_V0.5.1, STM32Cube_FW_H5_V1.1.1, STM32Cube_FW_H5_V1.2.0RC2, STM32Cube_FW_H7_V1.11.0, STM32Cube_FW_L0_V1.12.2, STM32Cube_FW_L5_V1.5.0, STM32Cube_FW_U5_V1.3.0RC4, STM32Cube_FW_U5_V1.4.0, STM32Cube_FW_WBA_V1.0.0RC1, STM32Cube_FW_WBA_V1.1.0RC1, STM32Cube_FW_WBA_V1.2.0, STM32Cube_FW_WBA_V1.2.0RC2, STM32Cube_FW_WB_V1.15.0RC1, STM32Cube_FW_WB_V1.16.0, STM32Cube_FW_WB_V1.16.0RC2, STM32Cube_FW_WB_V1.18.0, STM32Cube_FW_WL_V1.3.0, X-CUBE-ALGOBUILD_V1.3.0, X-CUBE-ALS_V1.0.1, X-CUBE-AZRTOS-F4_V1.1.0, X-CUBE-AZRTOS-F7_V1.1.0, X-CUBE-AZRTOS-G0_V1.1.0, X-CUBE-AZRTOS-G4_V2.0.0, X-CUBE-AZRTOS-H7_V3.1.0, X-CUBE-AZRTOS-L4_V1.0.0, X-CUBE-AZRTOS-L4_V2.0.0, X-CUBE-AZRTOS-L5_V1.1.0, X-CUBE-AZRTOS-WB_V2.0.0, X-CUBE-AZRTOS-WL_V2.0.0, X-CUBE-BLE1_V7.0.0, X-CUBE-BLE2_V3.3.0, X-CUBE-BLEMGR_V2.0.0, X-CUBE-EEPRMA1_V4.1.0, X-CUBE-EEPRMA1_V4.2.0, X-CUBE-FREERTOS_V1.1.0, X-CUBE-GNSS1_V6.0.0, X-CUBE-MEMS1_V10.0.0, X-CUBE-MEMS1_V9.1.0, X-CUBE-MEMS1_V9.4.0, X-CUBE-MEMS1_V9.6.0, X-CUBE-NFC4_V3.0.0, X-CUBE-NFC7_V1.0.1, X-CUBE-SFXS2LP1_V4.0.0, X-CUBE-SUBG2_V5.0.0, X-CUBE-TOF1_V3.3.1]
2024-01-06 02:01:40,803 [INFO] ApiDb:240 - Found 323 in-development CPN: [B-G473E-ZEST1S, B-WB1M-WPAN1, B-WL5M-SUBG1, NUCLEO-C031C6, NUCLEO-H503RB, NUCLEO-H563ZI, NUCLEO-U545RE-Q, NUCLEO-U5A5ZJ-Q, NUCLEO-WBA52CG, STEVAL-PROTEUS1, STEVAL-SMARTAG2, STEVAL-STWINBX1, STM320518-EVAL, STM32C0116-DK, STM32C011D6Y3TR, STM32C011D6Y6TR, STM32C011F4P3, STM32C011F4P6, STM32C011F4U3, STM32C011F4U6TR, STM32C011F6P3, STM32C011F6P6, STM32C011F6U3, STM32C011F6U6TR, STM32C011J4M3, STM32C011J4M6, STM32C011J6M3, STM32C011J6M6, STM32C0316-DK, STM32C031C4T3, STM32C031C4T6, STM32C031C4U3, STM32C031C4U6, STM32C031C6T3, STM32C031C6T6, STM32C031C6U3, STM32C031C6U6, STM32C031F4P3, STM32C031F4P6, STM32C031F6P3, STM32C031F6P6, STM32C031G4U3, STM32C031G4U6, STM32C031G6U3, STM32C031G6U6, STM32C031K4T3, STM32C031K4T6, STM32C031K4U3, STM32C031K4U6, STM32C031K6T3, STM32C031K6T6, STM32C031K6U3, STM32C031K6U6, STM32G071K8TXN, STM32G071K8UXN, STM32G081GBU6N, STM32G081KBT6N, STM32G081KBUXN, STM32G0B1CCT6N, STM32G0B1KCT6, STM32G0B1NEY6TR, STM32G0B1RCT6N, STM32G0C1CCT6, STM32G0C1CCT6N, STM32G0C1CCU6N, STM32G0C1CET6N, STM32G0C1CEU6N, STM32G0C1KCT6, STM32G0C1NEY6TR, STM32G0C1RCI6N, STM32G0C1RCT6N, STM32G0C1REI6N, STM32G0C1RET6N, STM32G0C1VCI6, STM32G0C1VEI6, STM32G471CCT6, STM32G471CCU6, STM32G471CET3, STM32G471CET6, STM32G471CEU3, STM32G471CEU6, STM32G471MCT6, STM32G471MET3, STM32G471MET6, STM32G471MEY6TR, STM32G471QCT6, STM32G471QET3, STM32G471RCT6, STM32G471RET3, STM32G471RET6, STM32G471VCH6, STM32G471VCI6, STM32G471VCT6, STM32G471VEH3, STM32G471VEH6, STM32G471VEI3, STM32G471VEI6, STM32G471VET3, STM32G471VET6, STM32G474CCT6, STM32H503CBT6, STM32H503CBU6, STM32H503EBY6TR, STM32H503KBU6, STM32H503RBT6, STM32H562AGI6, STM32H562AII6, STM32H562IGK6, STM32H562IGT6, STM32H562IIK6, STM32H562IIT6, STM32H562RGT6, STM32H562RGV6, STM32H562RIT6, STM32H562RIV6, STM32H562VGT6, STM32H562VIT6, STM32H562ZGT6, STM32H562ZIT6, STM32H563AGI6, STM32H563AII3Q, STM32H563AII6, STM32H563IGK6, STM32H563IGT6, STM32H563IIK3Q, STM32H563IIK6, STM32H563IIT3Q, STM32H563IIT6, STM32H563MIY3QTR, STM32H563RGT6, STM32H563RGV6, STM32H563RIT6, STM32H563RIV6, STM32H563VGT6, STM32H563VIT3Q, STM32H563VIT6, STM32H563ZGT6, STM32H563ZIT3Q, STM32H563ZIT6, STM32H573AII3Q, STM32H573AII6, STM32H573I-DK, STM32H573IIK3Q, STM32H573IIK6, STM32H573IIT3Q, STM32H573IIT6, STM32H573MIY3QTR, STM32H573RIT6, STM32H573RIV6, STM32H573VIT3Q, STM32H573VIT6, STM32H573ZIT3Q, STM32H573ZIT6, STM32L4R5QGI6STR, STM32MP131AAE3, STM32MP131AAF3, STM32MP131AAG3, STM32MP131CAE3, STM32MP131CAF3, STM32MP131CAG3, STM32MP131DAE7, STM32MP131DAF7, STM32MP131DAG7, STM32MP131FAE7, STM32MP131FAF7, STM32MP131FAG7, STM32MP133AAE3, STM32MP133AAF3, STM32MP133AAG3, STM32MP133CAE3, STM32MP133CAF3, STM32MP133CAG3, STM32MP133DAE7, STM32MP133DAF7, STM32MP133DAG7, STM32MP133FAE7, STM32MP133FAF7, STM32MP133FAG7, STM32MP135AAE3, STM32MP135AAF3, STM32MP135AAG3, STM32MP135CAE3, STM32MP135CAF3, STM32MP135CAG3, STM32MP135DAE7, STM32MP135DAF7, STM32MP135DAG7, STM32MP135F-DK, STM32MP135FAE7, STM32MP135FAF7, STM32MP135FAF7T, STM32MP135FAF7U, STM32MP135FAG7, STM32U535CBT6, STM32U535CBT6Q, STM32U535CBU6, STM32U535CBU6Q, STM32U535CCT6, STM32U535CCT6Q, STM32U535CCU6, STM32U535CCU6Q, STM32U535CET6, STM32U535CET6Q, STM32U535CEU6, STM32U535CEU6Q, STM32U535JEY6QTR, STM32U535NCY6QTR, STM32U535NEY6QTR, STM32U535RBI6, STM32U535RBI6Q, STM32U535RBT6, STM32U535RBT6Q, STM32U535RCI6, STM32U535RCI6Q, STM32U535RCT6, STM32U535RCT6Q, STM32U535REI6, STM32U535REI6Q, STM32U535RET6, STM32U535RET6Q, STM32U535VCI6, STM32U535VCI6Q, STM32U535VCT6, STM32U535VCT6Q, STM32U535VEI6, STM32U535VEI6Q, STM32U535VET6, STM32U535VET6Q, STM32U545CET6, STM32U545CET6Q, STM32U545CEU6, STM32U545CEU6Q, STM32U545JEY6QTR, STM32U545NEY6QTR, STM32U545REI6, STM32U545REI6Q, STM32U545RET6, STM32U545RET6Q, STM32U545VEI6, STM32U545VEI6Q, STM32U545VET6, STM32U545VET6Q, STM32U595AIH6, STM32U595AIH6Q, STM32U595AJH6, STM32U595AJH6Q, STM32U595QII6, STM32U595QII6Q, STM32U595QJI6, STM32U595QJI6Q, STM32U595RIT6, STM32U595RIT6Q, STM32U595RJT6, STM32U595RJT6Q, STM32U595VIT6, STM32U595VIT6Q, STM32U595VJT6, STM32U595VJT6Q, STM32U595ZIT6, STM32U595ZIT6Q, STM32U595ZIY6QTR, STM32U595ZJT6, STM32U595ZJT6Q, STM32U595ZJY6QTR, STM32U599BJY6QTR, STM32U599NIH6Q, STM32U599NJH6Q, STM32U599VIT6Q, STM32U599VJT6, STM32U599VJT6Q, STM32U599ZIT6Q, STM32U599ZIY6QTR, STM32U599ZJT6Q, STM32U599ZJY6QTR, STM32U5A5AJH6, STM32U5A5AJH6Q, STM32U5A5QJI6, STM32U5A5QJI6Q, STM32U5A5RJT6, STM32U5A5RJT6Q, STM32U5A5VJT6, STM32U5A5VJT6Q, STM32U5A5ZJT6, STM32U5A5ZJT6Q, STM32U5A5ZJY6QTR, STM32U5A9BJY6QTR, STM32U5A9J-DK, STM32U5A9NJH6Q, STM32U5A9VJT6Q, STM32U5A9ZJT6Q, STM32U5A9ZJY6QTR, STM32U5F7VIT6, STM32U5F7VIT6Q, STM32U5F7VJT6, STM32U5F7VJT6Q, STM32U5F9BJY6QTR, STM32U5F9NJH6Q, STM32U5F9VIT6Q, STM32U5F9VJT6Q, STM32U5F9ZIJ6QTR, STM32U5F9ZIT6Q, STM32U5F9ZJJ6QTR, STM32U5F9ZJT6Q, STM32U5G7VJT6, STM32U5G7VJT6Q, STM32U5G9BJY6QTR, STM32U5G9J-DK1, STM32U5G9J-DK2, STM32U5G9NJH6Q, STM32U5G9VJT6Q, STM32U5G9ZJJ6QTR, STM32U5G9ZJT6Q, STM32WB1MMCH6, STM32WBA52CEU6, STM32WBA52CEU6T, STM32WBA52CGU6, STM32WBA52CGU6T, STM32WBA52KEU6, STM32WBA52KEU6T, STM32WBA52KGU6, STM32WBA52KGU6T, STM32WL5MOCH6, STM32WL5MOCH6TR]
2024-01-06 02:01:40,809 [INFO] DbMcus:217 - Found 3882 MCUs, 3882 are supported
2024-01-06 02:01:40,812 [INFO] ApiDb:423 - Load user favorites file C:\Users\Acer/.stm32cubeide/favorites.mcus.txt: 0 item(s)
2024-01-06 02:01:40,812 [INFO] ApiDb:427 - User favorites MCUs=[]
2024-01-06 02:01:40,812 [INFO] DbMcus:223 - Set 0 / 0 favorites MCUs
2024-01-06 02:01:41,091 [WARN] ThirdParty:833 - waiting for thirdparty lock release [change project]
2024-01-06 02:01:41,091 [INFO] ThirdParty:835 - entering critical section [change project]
2024-01-06 02:01:41,091 [INFO] ThirdParty:1030 - CMSIS Pack Vendor :STMicroelectronics X-CUBE-ISPU 1.1.0
2024-01-06 02:01:41,091 [INFO] ThirdParty:1030 - CMSIS Pack Vendor :STMicroelectronics USBPD 4.1
2024-01-06 02:01:41,091 [INFO] ThirdParty:1030 - CMSIS Pack Vendor :RoweBots I-CUBE-UNISONRTOS 5.5.0-4
2024-01-06 02:01:41,091 [INFO] ThirdParty:1030 - CMSIS Pack Vendor :STMicroelectronics X-CUBE-GNSS1 6.0.0
2024-01-06 02:01:41,091 [INFO] ThirdParty:1030 - CMSIS Pack Vendor :STMicroelectronics X-CUBE-AZRTOS-H7 2.1.0
2024-01-06 02:01:41,091 [INFO] ThirdParty:1030 - CMSIS Pack Vendor :STMicroelectronics USB_HOST 2.0.0
2024-01-06 02:01:41,091 [INFO] ThirdParty:1030 - CMSIS Pack Vendor :STMicroelectronics X-CUBE-AZRTOS-F4 1.1.0
2024-01-06 02:01:41,091 [INFO] ThirdParty:1030 - CMSIS Pack Vendor :STMicroelectronics LIBJPEG 8.0.0
2024-01-06 02:01:41,091 [INFO] ThirdParty:1030 - CMSIS Pack Vendor :STMicroelectronics X-CUBE-SMBUS 2.1.0
2024-01-06 02:01:41,091 [INFO] ThirdParty:1030 - CMSIS Pack Vendor :STMicroelectronics USB_DEVICE 3.0.0
2024-01-06 02:01:41,091 [INFO] ThirdParty:1030 - CMSIS Pack Vendor :STMicroelectronics X-CUBE-AZRTOS-WB 2.0.0
2024-01-06 02:01:41,091 [INFO] ThirdParty:1030 - CMSIS Pack Vendor :STMicroelectronics X-CUBE-FREERTOS 1.0.1
2024-01-06 02:01:41,091 [INFO] ThirdParty:1030 - CMSIS Pack Vendor :STMicroelectronics X-CUBE-TOUCHGFX 4.23.0
2024-01-06 02:01:41,091 [INFO] ThirdParty:1030 - CMSIS Pack Vendor :STMicroelectronics X-CUBE-BLEMGR 1.2.0
2024-01-06 02:01:41,091 [INFO] ThirdParty:1030 - CMSIS Pack Vendor :STMicroelectronics X-CUBE-AZRTOS-F7 1.1.0
2024-01-06 02:01:41,091 [INFO] ThirdParty:1030 - CMSIS Pack Vendor :STMicroelectronics X-CUBE-AZRTOS-L5 2.0.0
2024-01-06 02:01:41,092 [INFO] ThirdParty:1030 - CMSIS Pack Vendor :STMicroelectronics USB_DEVICE 2.0.0
2024-01-06 02:01:41,092 [INFO] ThirdParty:1030 - CMSIS Pack Vendor :STMicroelectronics X-CUBE-MEMS1 9.6.0
2024-01-06 02:01:41,092 [INFO] ThirdParty:1030 - CMSIS Pack Vendor :STMicroelectronics X-CUBE-EEPRMA1 4.2.0
2024-01-06 02:01:41,092 [INFO] ThirdParty:1030 - CMSIS Pack Vendor :ITTIA_DB I-CUBE-ITTIADB 8.8.0
2024-01-06 02:01:41,092 [INFO] ThirdParty:1030 - CMSIS Pack Vendor :STMicroelectronics FP-SNS-MOTENV1 4.3.2
2024-01-06 02:01:41,092 [INFO] ThirdParty:1030 - CMSIS Pack Vendor :STMicroelectronics X-CUBE-BLE1 6.2.3
2024-01-06 02:01:41,092 [INFO] ThirdParty:1030 - CMSIS Pack Vendor :STMicroelectronics X-CUBE-ALGOBUILD 1.3.0
2024-01-06 02:01:41,092 [INFO] ThirdParty:1030 - CMSIS Pack Vendor :STMicroelectronics X-CUBE-BLE1 6.2.4
2024-01-06 02:01:41,092 [INFO] ThirdParty:1030 - CMSIS Pack Vendor :STMicroelectronics X-CUBE-AZRTOS-L5 1.1.0
2024-01-06 02:01:41,092 [INFO] ThirdParty:1030 - CMSIS Pack Vendor :STMicroelectronics FreeRTOS 0.0.1
2024-01-06 02:01:41,092 [INFO] ThirdParty:1030 - CMSIS Pack Vendor :STMicroelectronics X-CUBE-AZRTOS-G0 1.1.0
2024-01-06 02:01:41,092 [INFO] ThirdParty:1030 - CMSIS Pack Vendor :STMicroelectronics X-CUBE-BLEMGR 2.0.0
2024-01-06 02:01:41,092 [INFO] ThirdParty:1030 - CMSIS Pack Vendor :STMicroelectronics X-CUBE-AI 8.0.1
2024-01-06 02:01:41,092 [INFO] ThirdParty:1030 - CMSIS Pack Vendor :STMicroelectronics X-CUBE-NFC4 3.0.0
2024-01-06 02:01:41,092 [INFO] ThirdParty:1030 - CMSIS Pack Vendor :STMicroelectronics X-CUBE-SUBG2 5.0.0
2024-01-06 02:01:41,092 [INFO] ThirdParty:1030 - CMSIS Pack Vendor :STMicroelectronics STM32_WPAN 1.0.0
2024-01-06 02:01:41,092 [INFO] ThirdParty:1030 - CMSIS Pack Vendor :SEGGER I-CUBE-embOS 1.2.1
2024-01-06 02:01:41,092 [INFO] ThirdParty:1030 - CMSIS Pack Vendor :STMicroelectronics lwIP 2.0.3
2024-01-06 02:01:41,092 [INFO] ThirdParty:1030 - CMSIS Pack Vendor :STMicroelectronics FP-SNS-FLIGHT1 5.0.2
2024-01-06 02:01:41,092 [INFO] ThirdParty:1030 - CMSIS Pack Vendor :STMicroelectronics X-CUBE-NFC4 2.0.4
2024-01-06 02:01:41,092 [INFO] ThirdParty:1030 - CMSIS Pack Vendor :STMicroelectronics USB_HOST 1.0.0
2024-01-06 02:01:41,092 [INFO] ThirdParty:1030 - CMSIS Pack Vendor :STMicroelectronics X-CUBE-TOF1 3.3.1
2024-01-06 02:01:41,092 [INFO] ThirdParty:1030 - CMSIS Pack Vendor :STMicroelectronics X-CUBE-AZRTOS-G4 2.0.0
2024-01-06 02:01:41,093 [INFO] ThirdParty:1030 - CMSIS Pack Vendor :STMicroelectronics PDM2PCM 3.1.0
2024-01-06 02:01:41,093 [INFO] ThirdParty:1030 - CMSIS Pack Vendor :STMicroelectronics X-CUBE-AZRTOS-H7 3.1.0
2024-01-06 02:01:41,093 [INFO] ThirdParty:1030 - CMSIS Pack Vendor :STMicroelectronics FP-ATR-ASTRA1 1.1.1
2024-01-06 02:01:41,093 [INFO] ThirdParty:1030 - CMSIS Pack Vendor :Infineon AIROC-Wi-Fi-Bluetooth-STM32 1.5.1
2024-01-06 02:01:41,093 [INFO] ThirdParty:1030 - CMSIS Pack Vendor :STMicroelectronics X-CUBE-BLEMGR 3.0.0
2024-01-06 02:01:41,093 [INFO] ThirdParty:1030 - CMSIS Pack Vendor :STMicroelectronics PDM2PCM 3.3.0
2024-01-06 02:01:41,093 [INFO] ThirdParty:1030 - CMSIS Pack Vendor :STMicroelectronics X-CUBE-DISPLAY 3.0.0
2024-01-06 02:01:41,093 [INFO] ThirdParty:1030 - CMSIS Pack Vendor :STMicroelectronics FP-SNS-MOTENVWB1 1.3.0
2024-01-06 02:01:41,093 [INFO] ThirdParty:1030 - CMSIS Pack Vendor :STMicroelectronics FP-SNS-MOTENVWB1 1.3.1
2024-01-06 02:01:41,093 [INFO] ThirdParty:1030 - CMSIS Pack Vendor :STMicroelectronics X-CUBE-BLE1 7.0.0
2024-01-06 02:01:41,093 [INFO] ThirdParty:1030 - CMSIS Pack Vendor :STMicroelectronics FP-ATR-SIGFOX1 3.2.0
2024-01-06 02:01:41,093 [INFO] ThirdParty:1030 - CMSIS Pack Vendor :STMicroelectronics X-CUBE-AZRTOS-G4 1.0.0
2024-01-06 02:01:41,093 [INFO] ThirdParty:1030 - CMSIS Pack Vendor :STMicroelectronics X-CUBE-AZRTOS-L4 1.0.0
2024-01-06 02:01:41,093 [INFO] ThirdParty:1030 - CMSIS Pack Vendor :wolfSSL I-CUBE-wolfSSL 5.5.1
2024-01-06 02:01:41,093 [INFO] ThirdParty:1030 - CMSIS Pack Vendor :STMicroelectronics X-CUBE-ISPU 2.0.0
2024-01-06 02:01:41,093 [INFO] ThirdParty:1030 - CMSIS Pack Vendor :STMicroelectronics HAL Drivers 0.0.0
2024-01-06 02:01:41,093 [INFO] ThirdParty:1030 - CMSIS Pack Vendor :STMicroelectronics MBEDTLS 2.16.2
2024-01-06 02:01:41,093 [INFO] ThirdParty:1030 - CMSIS Pack Vendor :emotas I-CUBE-CANOPEN 1.1.2
2024-01-06 02:01:41,093 [INFO] ThirdParty:1030 - CMSIS Pack Vendor :STMicroelectronics X-CUBE-TOUCHGFX 4.20.0
2024-01-06 02:01:41,093 [INFO] ThirdParty:1030 - CMSIS Pack Vendor :STMicroelectronics X-CUBE-MEMS1 10.0.0
2024-01-06 02:01:41,093 [INFO] ThirdParty:1030 - CMSIS Pack Vendor :STMicroelectronics X-CUBE-FREERTOS 1.1.0
2024-01-06 02:01:41,093 [INFO] ThirdParty:1030 - CMSIS Pack Vendor :STMicroelectronics X-CUBE-TOUCHGFX 4.22.0
2024-01-06 02:01:41,093 [INFO] ThirdParty:1030 - CMSIS Pack Vendor :STMicroelectronics X-CUBE-NFC7 1.0.1
2024-01-06 02:01:41,093 [INFO] ThirdParty:1030 - CMSIS Pack Vendor :STMicroelectronics MBEDTLS 2.14.1
2024-01-06 02:01:41,093 [INFO] ThirdParty:1030 - CMSIS Pack Vendor :STMicroelectronics X-CUBE-NFC7 1.0.0
2024-01-06 02:01:41,093 [INFO] ThirdParty:1030 - CMSIS Pack Vendor :STMicroelectronics X-CUBE-TOUCHGFX 4.22.1
2024-01-06 02:01:41,093 [INFO] ThirdParty:1030 - CMSIS Pack Vendor :STMicroelectronics X-CUBE-AZRTOS-WL 1.0.0
2024-01-06 02:01:41,093 [INFO] ThirdParty:1030 - CMSIS Pack Vendor :STMicroelectronics X-CUBE-NFC6 3.0.0
2024-01-06 02:01:41,093 [INFO] ThirdParty:1030 - CMSIS Pack Vendor :STMicroelectronics X-CUBE-MEMS1 9.3.0
2024-01-06 02:01:41,093 [INFO] ThirdParty:1030 - CMSIS Pack Vendor :STMicroelectronics X-CUBE-EEPRMA1 4.1.0
2024-01-06 02:01:41,093 [INFO] ThirdParty:1030 - CMSIS Pack Vendor :portGmbH I-Cube-SoM-uGOAL 1.1.0
2024-01-06 02:01:41,093 [INFO] ThirdParty:1030 - CMSIS Pack Vendor :STMicroelectronics X-CUBE-ALS 1.0.1
2024-01-06 02:01:41,093 [INFO] ThirdParty:1030 - CMSIS Pack Vendor :STMicroelectronics X-CUBE-AI 7.2.0
2024-01-06 02:01:41,093 [INFO] ThirdParty:1030 - CMSIS Pack Vendor :STMicroelectronics ThreadX 1.0.0
2024-01-06 02:01:41,093 [INFO] ThirdParty:1030 - CMSIS Pack Vendor :STMicroelectronics FP-SNS-SMARTAG2 1.2.0
2024-01-06 02:01:41,093 [INFO] ThirdParty:1030 - CMSIS Pack Vendor :STMicroelectronics X-CUBE-AZRTOS-WB 1.1.0
2024-01-06 02:01:41,093 [INFO] ThirdParty:1030 - CMSIS Pack Vendor :STMicroelectronics X-CUBE-AZRTOS-WL 2.0.0
2024-01-06 02:01:41,094 [INFO] ThirdParty:1030 - CMSIS Pack Vendor :SEGGER I-CUBE-embOS 1.3.1
2024-01-06 02:01:41,094 [INFO] ThirdParty:1030 - CMSIS Pack Vendor :STMicroelectronics X-CUBE-AZRTOS-L5 1.0.0
2024-01-06 02:01:41,094 [INFO] ThirdParty:1030 - CMSIS Pack Vendor :STMicroelectronics USB_DEVICE 1.0.0
2024-01-06 02:01:41,094 [INFO] ThirdParty:1030 - CMSIS Pack Vendor :STMicroelectronics X-CUBE-AI 8.1.0
2024-01-06 02:01:41,094 [INFO] ThirdParty:1030 - CMSIS Pack Vendor :STMicroelectronics X-CUBE-EEPRMA1 3.1.1
2024-01-06 02:01:41,094 [INFO] ThirdParty:1030 - CMSIS Pack Vendor :STMicroelectronics X-CUBE-AZRTOS-L4 2.0.0
2024-01-06 02:01:41,094 [INFO] ThirdParty:1030 - CMSIS Pack Vendor :STMicroelectronics ThreadX 0.0.2
2024-01-06 02:01:41,094 [INFO] ThirdParty:1030 - CMSIS Pack Vendor :WES I-CUBE-Cesium 1.3.0
2024-01-06 02:01:41,094 [INFO] ThirdParty:1030 - CMSIS Pack Vendor :STMicroelectronics FP-ATR-ASTRA1 2.0.0
2024-01-06 02:01:41,094 [INFO] ThirdParty:1030 - CMSIS Pack Vendor :STMicroelectronics lwIP 2.1.2
2024-01-06 02:01:41,094 [INFO] ThirdParty:1030 - CMSIS Pack Vendor :STMicroelectronics X-CUBE-SFXS2LP1 4.0.0
2024-01-06 02:01:41,094 [INFO] ThirdParty:1030 - CMSIS Pack Vendor :STMicroelectronics X-CUBE-BLE2 3.3.0
2024-01-06 02:01:41,094 [INFO] ThirdParty:1030 - CMSIS Pack Vendor :STMicroelectronics X-CUBE-TOF1 3.4.0
2024-01-06 02:01:41,094 [INFO] ThirdParty:1030 - CMSIS Pack Vendor :STMicroelectronics X-CUBE-DISPLAY 2.2.0
2024-01-06 02:01:41,094 [INFO] ThirdParty:1030 - CMSIS Pack Vendor :STMicroelectronics X-CUBE-TOF1 3.2.0
2024-01-06 02:01:41,094 [INFO] ThirdParty:1030 - CMSIS Pack Vendor :STMicroelectronics X-CUBE-AZRTOS-H7 3.2.0
2024-01-06 02:01:41,094 [INFO] ThirdParty:1030 - CMSIS Pack Vendor :STMicroelectronics PDM2PCM 3.2.0
2024-01-06 02:01:41,094 [INFO] ThirdParty:1030 - CMSIS Pack Vendor :STMicroelectronics X-CUBE-ISPU 1.0.0
2024-01-06 02:01:41,094 [INFO] ThirdParty:841 - exiting critical section [change project]
2024-01-06 02:01:41,416 [INFO] PinOutPanel:1499 - setPackage(No Configuration,No Configuration)
2024-01-06 02:01:41,417 [INFO] PinOutPanel:1499 - setPackage(STM32F103C8Tx,LQFP48)
2024-01-06 02:01:42,014 [INFO] UtilMem:75 - Before build in PCC Used Memory: 551861904 Bytes (1073741824)
2024-01-06 02:01:42,922 [INFO] UtilMem:75 - After build in PCC Used Memory: 632788240 Bytes (1073741824)
2024-01-06 02:01:43,037 [INFO] ApiDbMcu:507 - Load IP Config File for USB_DEVICE
2024-01-06 02:01:43,071 [INFO] IPUIPlugin:80 - create IPUIPlugin
2024-01-06 02:01:43,071 [INFO] IPUIPlugin:80 - create IPUIPlugin
2024-01-06 02:01:43,071 [INFO] IPUIPlugin:80 - create IPUIPlugin
2024-01-06 02:01:43,071 [INFO] IPUIPlugin:80 - create IPUIPlugin
2024-01-06 02:01:43,071 [INFO] IPUIPlugin:80 - create IPUIPlugin
2024-01-06 02:01:43,071 [INFO] IPUIPlugin:80 - create IPUIPlugin
2024-01-06 02:01:43,072 [INFO] IPUIPlugin:80 - create IPUIPlugin
2024-01-06 02:01:43,072 [INFO] IPUIPlugin:80 - create IPUIPlugin
2024-01-06 02:01:43,072 [INFO] IPUIPlugin:80 - create IPUIPlugin
2024-01-06 02:01:43,072 [INFO] IPUIPlugin:80 - create IPUIPlugin
2024-01-06 02:01:43,072 [INFO] IPUIPlugin:80 - create IPUIPlugin
2024-01-06 02:01:43,072 [INFO] IPUIPlugin:80 - create IPUIPlugin
2024-01-06 02:01:43,072 [INFO] IPUIPlugin:80 - create IPUIPlugin
2024-01-06 02:01:43,074 [INFO] IPUIPlugin:80 - create IPUIPlugin
2024-01-06 02:01:43,074 [INFO] IPUIPlugin:80 - create IPUIPlugin
2024-01-06 02:01:43,074 [INFO] IPUIPlugin:80 - create IPUIPlugin
2024-01-06 02:01:43,074 [INFO] IPUIPlugin:80 - create IPUIPlugin
2024-01-06 02:01:43,074 [INFO] IPUIPlugin:80 - create IPUIPlugin
2024-01-06 02:01:43,075 [INFO] IPUIPlugin:80 - create IPUIPlugin
2024-01-06 02:01:43,075 [INFO] IPUIPlugin:80 - create IPUIPlugin
2024-01-06 02:01:43,075 [INFO] IPUIPlugin:80 - create IPUIPlugin
2024-01-06 02:01:43,075 [INFO] IPUIPlugin:80 - create IPUIPlugin
2024-01-06 02:01:43,075 [INFO] IPUIPlugin:80 - create IPUIPlugin
2024-01-06 02:01:43,075 [INFO] IPUIPlugin:80 - create IPUIPlugin
2024-01-06 02:01:43,076 [INFO] IPUIPlugin:80 - create IPUIPlugin
2024-01-06 02:01:43,076 [INFO] IPUIPlugin:80 - create IPUIPlugin
2024-01-06 02:01:43,076 [INFO] IPUIPlugin:80 - create IPUIPlugin
2024-01-06 02:01:43,084 [WARN] IP:2114 - I2C_Coeff_DF not found: check if there is a RefParameter without a condition.
2024-01-06 02:01:43,084 [WARN] IP:2114 - Analog_Filter not found: check if there is a RefParameter without a condition.
2024-01-06 02:01:43,091 [WARN] IP:2114 - I2C_Coeff_DF not found: check if there is a RefParameter without a condition.
2024-01-06 02:01:43,091 [WARN] IP:2114 - Analog_Filter not found: check if there is a RefParameter without a condition.
2024-01-06 02:01:43,320 [INFO] CADModel:165 - CPN selected for project levelSTM32F103C8T6
2024-01-06 02:01:43,320 [INFO] CADModel:114 - Register for checkConnection events
2024-01-06 02:01:43,360 [INFO] OpenFileManager:328 - Restore cursor
2024-01-06 02:01:43,606 [WARN] IP:2114 - I2C_Coeff_DF not found: check if there is a RefParameter without a condition.
2024-01-06 02:01:43,607 [WARN] IP:2114 - Analog_Filter not found: check if there is a RefParameter without a condition.
2024-01-06 02:01:43,607 [WARN] IP:2114 - I2C_Coeff_DF not found: check if there is a RefParameter without a condition.
2024-01-06 02:01:43,607 [WARN] IP:2114 - Analog_Filter not found: check if there is a RefParameter without a condition.
2024-01-06 02:01:43,609 [WARN] IP:2114 - I2C_Coeff_DF not found: check if there is a RefParameter without a condition.
2024-01-06 02:01:43,609 [WARN] IP:2114 - Analog_Filter not found: check if there is a RefParameter without a condition.
2024-01-06 02:01:43,609 [WARN] IP:2114 - I2C_Coeff_DF not found: check if there is a RefParameter without a condition.
2024-01-06 02:01:43,609 [WARN] IP:2114 - Analog_Filter not found: check if there is a RefParameter without a condition.
2024-01-06 02:02:41,319 [WARN] IP:2114 - I2C_Coeff_DF not found: check if there is a RefParameter without a condition.
2024-01-06 02:02:41,319 [WARN] IP:2114 - Analog_Filter not found: check if there is a RefParameter without a condition.
2024-01-06 02:02:41,319 [WARN] IP:2114 - I2C_Coeff_DF not found: check if there is a RefParameter without a condition.
2024-01-06 02:02:41,319 [WARN] IP:2114 - Analog_Filter not found: check if there is a RefParameter without a condition.
2024-01-06 02:02:41,322 [WARN] IP:2114 - I2C_Coeff_DF not found: check if there is a RefParameter without a condition.
2024-01-06 02:02:41,322 [WARN] IP:2114 - Analog_Filter not found: check if there is a RefParameter without a condition.
2024-01-06 02:02:41,323 [WARN] IP:2114 - I2C_Coeff_DF not found: check if there is a RefParameter without a condition.
2024-01-06 02:02:41,323 [WARN] IP:2114 - Analog_Filter not found: check if there is a RefParameter without a condition.
2024-01-06 02:02:41,344 [WARN] IP:2114 - I2C_Coeff_DF not found: check if there is a RefParameter without a condition.
2024-01-06 02:02:41,345 [WARN] IP:2114 - Analog_Filter not found: check if there is a RefParameter without a condition.
2024-01-06 02:02:41,346 [WARN] IP:2114 - I2C_Coeff_DF not found: check if there is a RefParameter without a condition.
2024-01-06 02:02:41,347 [WARN] IP:2114 - Analog_Filter not found: check if there is a RefParameter without a condition.
2024-01-06 02:02:41,366 [WARN] IP:2114 - I2C_Coeff_DF not found: check if there is a RefParameter without a condition.
2024-01-06 02:02:41,366 [WARN] IP:2114 - Analog_Filter not found: check if there is a RefParameter without a condition.
2024-01-06 02:02:41,369 [WARN] IP:2114 - I2C_Coeff_DF not found: check if there is a RefParameter without a condition.
2024-01-06 02:02:41,370 [WARN] IP:2114 - Analog_Filter not found: check if there is a RefParameter without a condition.
2024-01-06 02:02:43,506 [WARN] IP:2114 - I2C_Coeff_DF not found: check if there is a RefParameter without a condition.
2024-01-06 02:02:43,506 [WARN] IP:2114 - Analog_Filter not found: check if there is a RefParameter without a condition.
2024-01-06 02:02:43,506 [WARN] IP:2114 - I2C_Coeff_DF not found: check if there is a RefParameter without a condition.
2024-01-06 02:02:43,506 [WARN] IP:2114 - Analog_Filter not found: check if there is a RefParameter without a condition.
2024-01-06 02:02:43,508 [WARN] IP:2114 - I2C_Coeff_DF not found: check if there is a RefParameter without a condition.
2024-01-06 02:02:43,509 [WARN] IP:2114 - Analog_Filter not found: check if there is a RefParameter without a condition.
2024-01-06 02:02:43,509 [WARN] IP:2114 - I2C_Coeff_DF not found: check if there is a RefParameter without a condition.
2024-01-06 02:02:43,509 [WARN] IP:2114 - Analog_Filter not found: check if there is a RefParameter without a condition.
2024-01-06 02:02:43,527 [WARN] IP:2114 - I2C_Coeff_DF not found: check if there is a RefParameter without a condition.
2024-01-06 02:02:43,527 [WARN] IP:2114 - Analog_Filter not found: check if there is a RefParameter without a condition.
2024-01-06 02:02:43,529 [WARN] IP:2114 - I2C_Coeff_DF not found: check if there is a RefParameter without a condition.
2024-01-06 02:02:43,529 [WARN] IP:2114 - Analog_Filter not found: check if there is a RefParameter without a condition.
2024-01-06 02:02:43,545 [WARN] IP:2114 - I2C_Coeff_DF not found: check if there is a RefParameter without a condition.
2024-01-06 02:02:43,546 [WARN] IP:2114 - Analog_Filter not found: check if there is a RefParameter without a condition.
2024-01-06 02:02:43,547 [WARN] IP:2114 - I2C_Coeff_DF not found: check if there is a RefParameter without a condition.
2024-01-06 02:02:43,547 [WARN] IP:2114 - Analog_Filter not found: check if there is a RefParameter without a condition.
2024-01-06 02:02:53,338 [WARN] IP:2114 - I2C_Coeff_DF not found: check if there is a RefParameter without a condition.
2024-01-06 02:02:53,339 [WARN] IP:2114 - Analog_Filter not found: check if there is a RefParameter without a condition.
2024-01-06 02:02:53,339 [WARN] IP:2114 - I2C_Coeff_DF not found: check if there is a RefParameter without a condition.
2024-01-06 02:02:53,339 [WARN] IP:2114 - Analog_Filter not found: check if there is a RefParameter without a condition.
2024-01-06 02:02:53,340 [WARN] IP:2114 - I2C_Coeff_DF not found: check if there is a RefParameter without a condition.
2024-01-06 02:02:53,340 [WARN] IP:2114 - Analog_Filter not found: check if there is a RefParameter without a condition.
2024-01-06 02:02:53,340 [WARN] IP:2114 - I2C_Coeff_DF not found: check if there is a RefParameter without a condition.
2024-01-06 02:02:53,340 [WARN] IP:2114 - Analog_Filter not found: check if there is a RefParameter without a condition.
2024-01-06 02:02:53,352 [WARN] IP:2114 - I2C_Coeff_DF not found: check if there is a RefParameter without a condition.
2024-01-06 02:02:53,352 [WARN] IP:2114 - Analog_Filter not found: check if there is a RefParameter without a condition.
2024-01-06 02:02:53,353 [WARN] IP:2114 - I2C_Coeff_DF not found: check if there is a RefParameter without a condition.
2024-01-06 02:02:53,353 [WARN] IP:2114 - Analog_Filter not found: check if there is a RefParameter without a condition.
2024-01-06 02:02:53,364 [WARN] IP:2114 - I2C_Coeff_DF not found: check if there is a RefParameter without a condition.
2024-01-06 02:02:53,365 [WARN] IP:2114 - Analog_Filter not found: check if there is a RefParameter without a condition.
2024-01-06 02:02:53,365 [WARN] IP:2114 - I2C_Coeff_DF not found: check if there is a RefParameter without a condition.
2024-01-06 02:02:53,366 [WARN] IP:2114 - Analog_Filter not found: check if there is a RefParameter without a condition.
2024-01-06 02:02:59,593 [WARN] IP:2114 - I2C_Coeff_DF not found: check if there is a RefParameter without a condition.
2024-01-06 02:02:59,593 [WARN] IP:2114 - Analog_Filter not found: check if there is a RefParameter without a condition.
2024-01-06 02:02:59,594 [WARN] IP:2114 - I2C_Coeff_DF not found: check if there is a RefParameter without a condition.
2024-01-06 02:02:59,594 [WARN] IP:2114 - Analog_Filter not found: check if there is a RefParameter without a condition.
2024-01-06 02:02:59,596 [WARN] IP:2114 - I2C_Coeff_DF not found: check if there is a RefParameter without a condition.
2024-01-06 02:02:59,596 [WARN] IP:2114 - Analog_Filter not found: check if there is a RefParameter without a condition.
2024-01-06 02:02:59,596 [WARN] IP:2114 - I2C_Coeff_DF not found: check if there is a RefParameter without a condition.
2024-01-06 02:02:59,596 [WARN] IP:2114 - Analog_Filter not found: check if there is a RefParameter without a condition.
2024-01-06 02:02:59,612 [WARN] IP:2114 - I2C_Coeff_DF not found: check if there is a RefParameter without a condition.
2024-01-06 02:02:59,613 [WARN] IP:2114 - Analog_Filter not found: check if there is a RefParameter without a condition.
2024-01-06 02:02:59,614 [WARN] IP:2114 - I2C_Coeff_DF not found: check if there is a RefParameter without a condition.
2024-01-06 02:02:59,614 [WARN] IP:2114 - Analog_Filter not found: check if there is a RefParameter without a condition.
2024-01-06 02:02:59,629 [WARN] IP:2114 - I2C_Coeff_DF not found: check if there is a RefParameter without a condition.
2024-01-06 02:02:59,629 [WARN] IP:2114 - Analog_Filter not found: check if there is a RefParameter without a condition.
2024-01-06 02:02:59,631 [WARN] IP:2114 - I2C_Coeff_DF not found: check if there is a RefParameter without a condition.
2024-01-06 02:02:59,631 [WARN] IP:2114 - Analog_Filter not found: check if there is a RefParameter without a condition.
2024-01-06 02:09:37,514 [INFO] Gpio:273 - dependency for GPIO [I2C1, I2C2, RCC, SPI1, SYS, USART2, USB]
2024-01-06 02:24:59,431 [INFO] Gpio:273 - dependency for GPIO [I2C1, I2C2, RCC, SPI1, SYS, USART2, USB]
2024-01-06 02:24:59,517 [WARN] IP:2114 - I2C_Coeff_DF not found: check if there is a RefParameter without a condition.
2024-01-06 02:24:59,517 [WARN] IP:2114 - Analog_Filter not found: check if there is a RefParameter without a condition.
2024-01-06 02:24:59,518 [WARN] IP:2114 - I2C_Coeff_DF not found: check if there is a RefParameter without a condition.
2024-01-06 02:24:59,518 [WARN] IP:2114 - Analog_Filter not found: check if there is a RefParameter without a condition.
2024-01-06 02:24:59,520 [WARN] IP:2114 - I2C_Coeff_DF not found: check if there is a RefParameter without a condition.
2024-01-06 02:24:59,520 [WARN] IP:2114 - Analog_Filter not found: check if there is a RefParameter without a condition.
2024-01-06 02:24:59,520 [WARN] IP:2114 - I2C_Coeff_DF not found: check if there is a RefParameter without a condition.
2024-01-06 02:24:59,520 [WARN] IP:2114 - Analog_Filter not found: check if there is a RefParameter without a condition.
2024-01-06 02:24:59,533 [WARN] IP:2114 - I2C_Coeff_DF not found: check if there is a RefParameter without a condition.
2024-01-06 02:24:59,533 [WARN] IP:2114 - Analog_Filter not found: check if there is a RefParameter without a condition.
2024-01-06 02:24:59,534 [WARN] IP:2114 - I2C_Coeff_DF not found: check if there is a RefParameter without a condition.
2024-01-06 02:24:59,534 [WARN] IP:2114 - Analog_Filter not found: check if there is a RefParameter without a condition.
2024-01-06 02:24:59,548 [WARN] IP:2114 - I2C_Coeff_DF not found: check if there is a RefParameter without a condition.
2024-01-06 02:24:59,549 [WARN] IP:2114 - Analog_Filter not found: check if there is a RefParameter without a condition.
2024-01-06 02:24:59,549 [WARN] IP:2114 - I2C_Coeff_DF not found: check if there is a RefParameter without a condition.
2024-01-06 02:24:59,550 [WARN] IP:2114 - Analog_Filter not found: check if there is a RefParameter without a condition.
2024-01-06 02:24:59,560 [INFO] Gpio:273 - dependency for GPIO [I2C1, I2C2, RCC, SPI1, SYS, USART2, USB]
2024-01-06 02:25:08,041 [INFO] Gpio:273 - dependency for GPIO [I2C1, I2C2, RCC, SPI1, SYS, USART2, USB]
2024-01-06 02:25:08,087 [INFO] NvicIntPanel:101 - NVIC parent = com.st.microxplorer.plugins.ip.nvic.MultiNvicIntPanel[,0,0,0x0,invalid,layout=javax.swing.BoxLayout,alignmentX=0.0,alignmentY=0.0,border=,flags=9,maximumSize=,minimumSize=,preferredSize=]
2024-01-06 02:25:08,138 [WARN] IP:2114 - I2C_Coeff_DF not found: check if there is a RefParameter without a condition.
2024-01-06 02:25:08,138 [WARN] IP:2114 - Analog_Filter not found: check if there is a RefParameter without a condition.
2024-01-06 02:25:08,139 [WARN] IP:2114 - I2C_Coeff_DF not found: check if there is a RefParameter without a condition.
2024-01-06 02:25:08,139 [WARN] IP:2114 - Analog_Filter not found: check if there is a RefParameter without a condition.
2024-01-06 02:25:08,140 [WARN] IP:2114 - I2C_Coeff_DF not found: check if there is a RefParameter without a condition.
2024-01-06 02:25:08,140 [WARN] IP:2114 - Analog_Filter not found: check if there is a RefParameter without a condition.
2024-01-06 02:25:08,140 [WARN] IP:2114 - I2C_Coeff_DF not found: check if there is a RefParameter without a condition.
2024-01-06 02:25:08,140 [WARN] IP:2114 - Analog_Filter not found: check if there is a RefParameter without a condition.
2024-01-06 02:25:08,164 [WARN] IP:2114 - I2C_Coeff_DF not found: check if there is a RefParameter without a condition.
2024-01-06 02:25:08,164 [WARN] IP:2114 - Analog_Filter not found: check if there is a RefParameter without a condition.
2024-01-06 02:25:08,165 [WARN] IP:2114 - I2C_Coeff_DF not found: check if there is a RefParameter without a condition.
2024-01-06 02:25:08,165 [WARN] IP:2114 - Analog_Filter not found: check if there is a RefParameter without a condition.
2024-01-06 02:25:08,185 [WARN] IP:2114 - I2C_Coeff_DF not found: check if there is a RefParameter without a condition.
2024-01-06 02:25:08,186 [WARN] IP:2114 - Analog_Filter not found: check if there is a RefParameter without a condition.
2024-01-06 02:25:08,187 [WARN] IP:2114 - I2C_Coeff_DF not found: check if there is a RefParameter without a condition.
2024-01-06 02:25:08,187 [WARN] IP:2114 - Analog_Filter not found: check if there is a RefParameter without a condition.
2024-01-06 02:25:08,203 [INFO] Gpio:273 - dependency for GPIO [I2C1, I2C2, RCC, SPI1, SYS, USART2, USB]
2024-01-06 02:25:08,254 [INFO] NvicIntPanel:101 - NVIC parent = com.st.microxplorer.plugins.ip.nvic.MultiNvicIntPanel[,0,0,0x0,invalid,layout=javax.swing.BoxLayout,alignmentX=0.0,alignmentY=0.0,border=,flags=9,maximumSize=,minimumSize=,preferredSize=]
2024-01-06 02:28:39,984 [INFO] Gpio:273 - dependency for GPIO [I2C1, I2C2, RCC, SPI1, SYS, USART2, USB]
2024-01-06 02:29:04,748 [WARN] IP:2114 - I2C_Coeff_DF not found: check if there is a RefParameter without a condition.
2024-01-06 02:29:04,748 [WARN] IP:2114 - Analog_Filter not found: check if there is a RefParameter without a condition.
2024-01-06 02:29:04,748 [WARN] IP:2114 - I2C_Coeff_DF not found: check if there is a RefParameter without a condition.
2024-01-06 02:29:04,749 [WARN] IP:2114 - Analog_Filter not found: check if there is a RefParameter without a condition.
2024-01-06 02:29:04,749 [WARN] IP:2114 - I2C_Coeff_DF not found: check if there is a RefParameter without a condition.
2024-01-06 02:29:04,749 [WARN] IP:2114 - Analog_Filter not found: check if there is a RefParameter without a condition.
2024-01-06 02:29:04,750 [WARN] IP:2114 - I2C_Coeff_DF not found: check if there is a RefParameter without a condition.
2024-01-06 02:29:04,750 [WARN] IP:2114 - Analog_Filter not found: check if there is a RefParameter without a condition.
2024-01-06 02:29:07,511 [INFO] UtilMem:75 - End SaveConfig() Used Memory: 879607464 Bytes (1073741824)
2024-01-06 02:29:07,560 [INFO] UtilMem:75 - End SaveConfig() Used Memory: 891668136 Bytes (1073741824)
2024-01-06 02:29:08,005 [INFO] UtilMem:75 - End SaveConfig() Used Memory: 923647656 Bytes (1073741824)
2024-01-06 02:29:08,454 [INFO] BlockDiagram:2759 - set Specific Code input for plugin: SPI
2024-01-06 02:29:08,454 [INFO] BlockDiagram:2759 - set Specific Code input for plugin: NVIC
2024-01-06 02:29:08,454 [INFO] BlockDiagram:2759 - set Specific Code input for plugin: USART
2024-01-06 02:29:08,454 [INFO] BlockDiagram:2759 - set Specific Code input for plugin: USB_DEVICE
2024-01-06 02:29:08,454 [INFO] BlockDiagram:2759 - set Specific Code input for plugin: USB
2024-01-06 02:29:08,454 [INFO] BlockDiagram:2759 - set Specific Code input for plugin: SYS
2024-01-06 02:29:08,454 [INFO] BlockDiagram:2759 - set Specific Code input for plugin: GPIO
2024-01-06 02:29:08,455 [INFO] BlockDiagram:2759 - set Specific Code input for plugin: RCC
2024-01-06 02:29:08,455 [INFO] BlockDiagram:2759 - set Specific Code input for plugin: I2C
2024-01-06 02:29:08,455 [INFO] BlockDiagram:2759 - set Specific Code input for plugin: I2C
2024-01-06 02:29:08,459 [INFO] CodeGenerator:799 - code generatio: config db path: C:\ST\STM32CubeIDE_1.13.0\STM32CubeIDE\plugins\com.st.stm32cube.common.mx_6.9.0.202307051724\\db\
2024-01-06 02:29:08,465 [WARN] IP:2114 - I2C_Coeff_DF not found: check if there is a RefParameter without a condition.
2024-01-06 02:29:08,465 [WARN] IP:2114 - Analog_Filter not found: check if there is a RefParameter without a condition.
2024-01-06 02:29:08,466 [WARN] IP:2114 - I2C_Coeff_DF not found: check if there is a RefParameter without a condition.
2024-01-06 02:29:08,466 [WARN] IP:2114 - Analog_Filter not found: check if there is a RefParameter without a condition.
2024-01-06 02:29:08,693 [INFO] CodeEngine:255 - oldGeneratedFile, C:\Users\Acer\Project\Air-quality-monitoring-station\firmware\AirQualitMonirtoringStationMainBoard\MXTmpFiles\license.tmp_save
2024-01-06 02:29:09,096 [INFO] CodeEngine:279 - Generated code: C:\Users\Acer\Project\Air-quality-monitoring-station\firmware\AirQualitMonirtoringStationMainBoard\MXTmpFiles\license.tmp
2024-01-06 02:29:09,135 [INFO] CodeEngine:255 - oldGeneratedFile, C:\Users\Acer\Project\Air-quality-monitoring-station\firmware\AirQualitMonirtoringStationMainBoard\MXTmpFiles\gpio.tmp_save
2024-01-06 02:29:09,308 [INFO] CodeEngine:279 - Generated code: C:\Users\Acer\Project\Air-quality-monitoring-station\firmware\AirQualitMonirtoringStationMainBoard\MXTmpFiles\gpio.tmp
2024-01-06 02:29:09,373 [INFO] CodeEngine:255 - oldGeneratedFile, C:\Users\Acer\Project\Air-quality-monitoring-station\firmware\AirQualitMonirtoringStationMainBoard\MXTmpFiles\usb_vars.tmp_save
2024-01-06 02:29:09,475 [INFO] CodeEngine:279 - Generated code: C:\Users\Acer\Project\Air-quality-monitoring-station\firmware\AirQualitMonirtoringStationMainBoard\MXTmpFiles\usb_vars.tmp
2024-01-06 02:29:09,486 [INFO] CodeEngine:255 - oldGeneratedFile, C:\Users\Acer\Project\Air-quality-monitoring-station\firmware\AirQualitMonirtoringStationMainBoard\MXTmpFiles\usb_inc.tmp_save
2024-01-06 02:29:09,636 [INFO] CodeEngine:279 - Generated code: C:\Users\Acer\Project\Air-quality-monitoring-station\firmware\AirQualitMonirtoringStationMainBoard\MXTmpFiles\usb_inc.tmp
2024-01-06 02:29:09,661 [INFO] CodeEngine:255 - oldGeneratedFile, C:\Users\Acer\Project\Air-quality-monitoring-station\firmware\AirQualitMonirtoringStationMainBoard\MXTmpFiles\usb_HalInit.tmp_save
2024-01-06 02:29:09,783 [INFO] CodeEngine:279 - Generated code: C:\Users\Acer\Project\Air-quality-monitoring-station\firmware\AirQualitMonirtoringStationMainBoard\MXTmpFiles\usb_HalInit.tmp
2024-01-06 02:29:09,798 [INFO] CodeEngine:255 - oldGeneratedFile, C:\Users\Acer\Project\Air-quality-monitoring-station\firmware\AirQualitMonirtoringStationMainBoard\MXTmpFiles\usb_Msp.tmp_save
2024-01-06 02:29:09,937 [INFO] CodeEngine:279 - Generated code: C:\Users\Acer\Project\Air-quality-monitoring-station\firmware\AirQualitMonirtoringStationMainBoard\MXTmpFiles\usb_Msp.tmp
2024-01-06 02:29:10,084 [INFO] Middleware:1439 - No code input for Bsp Dependency
2024-01-06 02:29:10,091 [INFO] Middleware:1439 - No code input for Bsp Dependency
2024-01-06 02:29:10,117 [INFO] CodeEngine:255 - oldGeneratedFile, C:\Users\Acer\Project\Air-quality-monitoring-station\firmware\AirQualitMonirtoringStationMainBoard\USB_DEVICE\App\usb_device.c_save
2024-01-06 02:29:10,228 [INFO] CodeEngine:279 - Generated code: C:\Users\Acer\Project\Air-quality-monitoring-station\firmware\AirQualitMonirtoringStationMainBoard\USB_DEVICE\App\usb_device.c
2024-01-06 02:29:10,256 [INFO] CodeEngine:255 - oldGeneratedFile, C:\Users\Acer\Project\Air-quality-monitoring-station\firmware\AirQualitMonirtoringStationMainBoard\USB_DEVICE\App\usb_device.h_save
2024-01-06 02:29:10,407 [INFO] CodeEngine:279 - Generated code: C:\Users\Acer\Project\Air-quality-monitoring-station\firmware\AirQualitMonirtoringStationMainBoard\USB_DEVICE\App\usb_device.h
2024-01-06 02:29:10,427 [INFO] CodeEngine:255 - oldGeneratedFile, C:\Users\Acer\Project\Air-quality-monitoring-station\firmware\AirQualitMonirtoringStationMainBoard\USB_DEVICE\Target\usbd_conf.h_save
2024-01-06 02:29:10,524 [INFO] CodeEngine:279 - Generated code: C:\Users\Acer\Project\Air-quality-monitoring-station\firmware\AirQualitMonirtoringStationMainBoard\USB_DEVICE\Target\usbd_conf.h
2024-01-06 02:29:10,551 [INFO] CodeEngine:255 - oldGeneratedFile, C:\Users\Acer\Project\Air-quality-monitoring-station\firmware\AirQualitMonirtoringStationMainBoard\USB_DEVICE\Target\usbd_conf.c_save
2024-01-06 02:29:10,664 [INFO] CodeEngine:279 - Generated code: C:\Users\Acer\Project\Air-quality-monitoring-station\firmware\AirQualitMonirtoringStationMainBoard\USB_DEVICE\Target\usbd_conf.c
2024-01-06 02:29:10,702 [INFO] CodeEngine:255 - oldGeneratedFile, C:\Users\Acer\Project\Air-quality-monitoring-station\firmware\AirQualitMonirtoringStationMainBoard\USB_DEVICE\App\usbd_desc.h_save
2024-01-06 02:29:10,780 [INFO] CodeEngine:279 - Generated code: C:\Users\Acer\Project\Air-quality-monitoring-station\firmware\AirQualitMonirtoringStationMainBoard\USB_DEVICE\App\usbd_desc.h
2024-01-06 02:29:10,806 [INFO] CodeEngine:255 - oldGeneratedFile, C:\Users\Acer\Project\Air-quality-monitoring-station\firmware\AirQualitMonirtoringStationMainBoard\USB_DEVICE\App\usbd_desc.c_save
2024-01-06 02:29:10,928 [INFO] CodeEngine:279 - Generated code: C:\Users\Acer\Project\Air-quality-monitoring-station\firmware\AirQualitMonirtoringStationMainBoard\USB_DEVICE\App\usbd_desc.c
2024-01-06 02:29:10,962 [INFO] CodeEngine:255 - oldGeneratedFile, C:\Users\Acer\Project\Air-quality-monitoring-station\firmware\AirQualitMonirtoringStationMainBoard\USB_DEVICE\App\usbd_cdc_if.h_save
2024-01-06 02:29:11,042 [INFO] CodeEngine:279 - Generated code: C:\Users\Acer\Project\Air-quality-monitoring-station\firmware\AirQualitMonirtoringStationMainBoard\USB_DEVICE\App\usbd_cdc_if.h
2024-01-06 02:29:11,068 [INFO] CodeEngine:255 - oldGeneratedFile, C:\Users\Acer\Project\Air-quality-monitoring-station\firmware\AirQualitMonirtoringStationMainBoard\USB_DEVICE\App\usbd_cdc_if.c_save
2024-01-06 02:29:11,184 [INFO] CodeEngine:279 - Generated code: C:\Users\Acer\Project\Air-quality-monitoring-station\firmware\AirQualitMonirtoringStationMainBoard\USB_DEVICE\App\usbd_cdc_if.c
2024-01-06 02:29:11,216 [INFO] CodeEngine:255 - oldGeneratedFile, C:\Users\Acer\Project\Air-quality-monitoring-station\firmware\AirQualitMonirtoringStationMainBoard\Core\Src\stm32f1xx_it.c_save
2024-01-06 02:29:11,378 [INFO] CodeEngine:279 - Generated code: C:\Users\Acer\Project\Air-quality-monitoring-station\firmware\AirQualitMonirtoringStationMainBoard\Core\Src\stm32f1xx_it.c
2024-01-06 02:29:11,393 [INFO] CodeEngine:255 - oldGeneratedFile, C:\Users\Acer\Project\Air-quality-monitoring-station\firmware\AirQualitMonirtoringStationMainBoard\Core\Inc\stm32f1xx_it.h_save
2024-01-06 02:29:11,502 [INFO] CodeEngine:279 - Generated code: C:\Users\Acer\Project\Air-quality-monitoring-station\firmware\AirQualitMonirtoringStationMainBoard\Core\Inc\stm32f1xx_it.h
2024-01-06 02:29:11,534 [INFO] CodeEngine:255 - oldGeneratedFile, C:\Users\Acer\Project\Air-quality-monitoring-station\firmware\AirQualitMonirtoringStationMainBoard\Core\Src\stm32f1xx_hal_msp.c_save
2024-01-06 02:29:11,696 [INFO] CodeEngine:279 - Generated code: C:\Users\Acer\Project\Air-quality-monitoring-station\firmware\AirQualitMonirtoringStationMainBoard\Core\Src\stm32f1xx_hal_msp.c
2024-01-06 02:29:11,713 [INFO] CodeEngine:255 - oldGeneratedFile, C:\Users\Acer\Project\Air-quality-monitoring-station\firmware\AirQualitMonirtoringStationMainBoard\MXTmpFiles\system.tmp_save
2024-01-06 02:29:11,804 [INFO] CodeEngine:279 - Generated code: C:\Users\Acer\Project\Air-quality-monitoring-station\firmware\AirQualitMonirtoringStationMainBoard\MXTmpFiles\system.tmp
2024-01-06 02:29:11,824 [INFO] CodeEngine:311 - oldGeneratedFile, C:\Users\Acer\Project\Air-quality-monitoring-station\firmware\AirQualitMonirtoringStationMainBoard\Core\Inc\stm32f1xx_hal_conf.h_save
2024-01-06 02:29:11,959 [INFO] CodeEngine:335 - Generated code: C:\Users\Acer\Project\Air-quality-monitoring-station\firmware\AirQualitMonirtoringStationMainBoard\Core\Inc\stm32f1xx_hal_conf.h
2024-01-06 02:29:12,019 [INFO] CodeEngine:255 - oldGeneratedFile, C:\Users\Acer\Project\Air-quality-monitoring-station\firmware\AirQualitMonirtoringStationMainBoard\Core\Inc\main.h_save
2024-01-06 02:29:12,140 [INFO] CodeEngine:279 - Generated code: C:\Users\Acer\Project\Air-quality-monitoring-station\firmware\AirQualitMonirtoringStationMainBoard\Core\Inc\main.h
2024-01-06 02:29:12,162 [INFO] CodeEngine:255 - oldGeneratedFile, C:\Users\Acer\Project\Air-quality-monitoring-station\firmware\AirQualitMonirtoringStationMainBoard\Core\Src\main.c_save
2024-01-06 02:29:12,318 [INFO] CodeEngine:279 - Generated code: C:\Users\Acer\Project\Air-quality-monitoring-station\firmware\AirQualitMonirtoringStationMainBoard\Core\Src\main.c
2024-01-06 02:29:12,920 [INFO] ProjectBuilder:3064 - Time for Copy HAL[1] : 233mS.
2024-01-06 02:29:12,933 [INFO] ProjectBuilder:4404 - Project Generator version: 4.1.0
2024-01-06 02:29:13,217 [INFO] ConfigFileManager:1457 - The Die is : DIE410
2024-01-06 02:29:13,222 [INFO] ApiDbMcu:507 - Load IP Config File for FATFS
2024-01-06 02:29:13,226 [INFO] ApiDbMcu:507 - Load IP Config File for FREERTOS
