2023-12-30 14:23:31,258 [INFO] Activator:176 - 


2023-12-30 14:23:31,265 [INFO] Activator:177 - !SESSION log4j initialized
2023-12-30 14:23:37,288 [INFO] LogOutputStream:77 - [STDOUT_REDIRECT] 
2023-12-30 14:23:39,848 [INFO] ApplicationProperties:184 - Using Application install path: C:\ST\STM32CubeIDE_1.13.0\STM32CubeIDE\plugins\com.st.stm32cube.common.mx_6.9.0.202307051724
2023-12-30 14:23:39,869 [INFO] DbMcusXml:78 - Set database path to: C:\ST\STM32CubeIDE_1.13.0\STM32CubeIDE\plugins\com.st.stm32cube.common.mx_6.9.0.202307051724\\db\/mcu/
2023-12-30 14:23:39,869 [INFO] ApiDb:274 - Set plugin database path to: C:\ST\STM32CubeIDE_1.13.0\STM32CubeIDE\plugins\com.st.stm32cube.common.mx_6.9.0.202307051724\\db\/plugins/boardmanager/
2023-12-30 14:23:39,870 [WARN] ApiDb:259 - Overriding images path with different value:  => C:\ST\STM32CubeIDE_1.13.0\STM32CubeIDE\plugins\com.st.stm32cube.common.mx_6.9.0.202307051724\\db\/plugins/mcufinder/images/
2023-12-30 14:23:39,892 [INFO] ApiDb:250 - Set database path to: C:\Users\Acer\.stmcufinder\plugins\mcufinder//mcu/
2023-12-30 14:23:39,894 [INFO] DbMcusAds:125 - Set database path to: C:\Users\Acer\.stmcufinder\plugins\mcufinder//mcu/
2023-12-30 14:23:39,898 [INFO] CrossReferenceDbSqlite:203 - Set database path to: C:\Users\Acer\.stmcufinder\plugins\mcufinder//mcu/cs/
2023-12-30 14:23:40,024 [INFO] RulesReader:64 - Compatibility file has been processed (293 Rules)
2023-12-30 14:23:40,109 [INFO] DbMcusXml:78 - Set database path to: C:\ST\STM32CubeIDE_1.13.0\STM32CubeIDE\plugins\com.st.stm32cube.common.mx_6.9.0.202307051724\\db\/mcu/
2023-12-30 14:23:40,109 [INFO] ApiDb:274 - Set plugin database path to: C:\ST\STM32CubeIDE_1.13.0\STM32CubeIDE\plugins\com.st.stm32cube.common.mx_6.9.0.202307051724\\db\/plugins/boardmanager/
2023-12-30 14:23:40,109 [INFO] ApiDb:261 - Set plugin images path to: C:\ST\STM32CubeIDE_1.13.0\STM32CubeIDE\plugins\com.st.stm32cube.common.mx_6.9.0.202307051724\\db\/plugins/mcufinder/images/
2023-12-30 14:23:40,109 [WARN] DbFile:41 - Overriding database path with different value: C:\Users\Acer\.stmcufinder\plugins\mcufinder/ => C:\Users\Acer\.stmcufinder\plugins\mcufinder
2023-12-30 14:23:40,110 [INFO] ApiDb:250 - Set database path to: C:\Users\Acer\.stmcufinder\plugins\mcufinder//mcu/
2023-12-30 14:23:40,110 [WARN] DbFile:41 - Overriding database path with different value: C:\Users\Acer\.stmcufinder\plugins\mcufinder/ => C:\Users\Acer\.stmcufinder\plugins\mcufinder
2023-12-30 14:23:40,110 [INFO] DbMcusAds:125 - Set database path to: C:\Users\Acer\.stmcufinder\plugins\mcufinder//mcu/
2023-12-30 14:23:40,110 [WARN] DbFile:41 - Overriding database path with different value: C:\Users\Acer\.stmcufinder\plugins\mcufinder/ => C:\Users\Acer\.stmcufinder\plugins\mcufinder
2023-12-30 14:23:40,110 [WARN] DbFile:41 - Overriding database path with different value: C:\Users\Acer\.stmcufinder\plugins\mcufinder/ => C:\Users\Acer\.stmcufinder\plugins\mcufinder
2023-12-30 14:23:40,110 [INFO] CrossReferenceDbSqlite:203 - Set database path to: C:\Users\Acer\.stmcufinder\plugins\mcufinder//mcu/cs/
2023-12-30 14:23:40,199 [INFO] MainPanel:262 - HeapMemory: 268435456
2023-12-30 14:23:40,339 [INFO] DbMcusXml:78 - Set database path to: C:\ST\STM32CubeIDE_1.13.0\STM32CubeIDE\plugins\com.st.stm32cube.common.mx_6.9.0.202307051724\\db\/mcu/
2023-12-30 14:23:40,339 [INFO] ApiDb:274 - Set plugin database path to: C:\ST\STM32CubeIDE_1.13.0\STM32CubeIDE\plugins\com.st.stm32cube.common.mx_6.9.0.202307051724\\db\/plugins/boardmanager/
2023-12-30 14:23:40,339 [INFO] ApiDb:261 - Set plugin images path to: C:\ST\STM32CubeIDE_1.13.0\STM32CubeIDE\plugins\com.st.stm32cube.common.mx_6.9.0.202307051724\\db\/plugins/mcufinder/images/
2023-12-30 14:23:40,340 [WARN] DbFile:41 - Overriding database path with different value: C:\Users\Acer\.stmcufinder\plugins\mcufinder/ => C:\Users\Acer\.stmcufinder\plugins\mcufinder
2023-12-30 14:23:40,340 [INFO] ApiDb:250 - Set database path to: C:\Users\Acer\.stmcufinder\plugins\mcufinder//mcu/
2023-12-30 14:23:40,341 [WARN] DbFile:41 - Overriding database path with different value: C:\Users\Acer\.stmcufinder\plugins\mcufinder/ => C:\Users\Acer\.stmcufinder\plugins\mcufinder
2023-12-30 14:23:40,341 [INFO] DbMcusAds:125 - Set database path to: C:\Users\Acer\.stmcufinder\plugins\mcufinder//mcu/
2023-12-30 14:23:40,341 [WARN] DbFile:41 - Overriding database path with different value: C:\Users\Acer\.stmcufinder\plugins\mcufinder/ => C:\Users\Acer\.stmcufinder\plugins\mcufinder
2023-12-30 14:23:40,341 [WARN] DbFile:41 - Overriding database path with different value: C:\Users\Acer\.stmcufinder\plugins\mcufinder/ => C:\Users\Acer\.stmcufinder\plugins\mcufinder
2023-12-30 14:23:40,341 [INFO] CrossReferenceDbSqlite:203 - Set database path to: C:\Users\Acer\.stmcufinder\plugins\mcufinder//mcu/cs/
2023-12-30 14:23:40,362 [INFO] ApplicationProperties:184 - Using Application install path: C:\ST\STM32CubeIDE_1.13.0\STM32CubeIDE\plugins\com.st.stm32cube.common.mx_6.9.0.202307051724
2023-12-30 14:23:40,363 [INFO] PluginManage:196 - Search for loadable plugins [exclusion list=, ]
2023-12-30 14:23:40,364 [INFO] PluginManage:310 - Check plugin analytics
2023-12-30 14:23:40,521 [INFO] AnalyticsPlugin:253 - Accepted Software Licenses: STM32CubeMX.6.9.0
2023-12-30 14:23:40,521 [INFO] AnalyticsPlugin:255 - Accepted CMSIS Pack Licenses: 
2023-12-30 14:23:40,522 [INFO] AnalyticsPlugin:257 - Accepted Firmware Licenses: FW.F4.1.27.0
2023-12-30 14:23:40,523 [INFO] PluginManage:359 - Loaded plugin analytics (category:tool,tabindex:-1)
2023-12-30 14:23:40,525 [INFO] PluginManage:310 - Check plugin cadmodel
2023-12-30 14:23:40,538 [INFO] CADModel:105 - Init CAD model plugin
2023-12-30 14:23:40,538 [INFO] PluginManage:359 - Loaded plugin cadmodel (category:power,tabindex:5)
2023-12-30 14:23:40,538 [INFO] PluginManage:310 - Check plugin clock
2023-12-30 14:23:40,558 [INFO] PluginManage:359 - Loaded plugin clock (category:base,tabindex:2)
2023-12-30 14:23:40,559 [INFO] PluginManage:310 - Check plugin ddr
2023-12-30 14:23:40,561 [INFO] PluginManage:359 - Loaded plugin ddr (category:tool,tabindex:6)
2023-12-30 14:23:40,561 [INFO] PluginManage:310 - Check plugin filemanager
2023-12-30 14:23:40,704 [INFO] PluginManage:359 - Loaded plugin filemanager (category:base,tabindex:10)
2023-12-30 14:23:40,704 [INFO] PluginManage:310 - Check plugin ipmanager
2023-12-30 14:23:40,712 [INFO] PluginManage:359 - Loaded plugin ipmanager (category:base,tabindex:5)
2023-12-30 14:23:40,712 [INFO] PluginManage:310 - Check plugin lpbam
2023-12-30 14:23:40,730 [INFO] PluginManage:359 - Loaded plugin lpbam (category:base,tabindex:0)
2023-12-30 14:23:40,731 [INFO] PluginManage:310 - Check plugin memorymap
2023-12-30 14:23:40,760 [INFO] PluginManage:359 - Loaded plugin memorymap (category:base,tabindex:4)
2023-12-30 14:23:40,760 [INFO] PluginManage:310 - Check plugin pinoutandconfiguration
2023-12-30 14:23:40,777 [INFO] PluginManage:359 - Loaded plugin pinoutandconfiguration (category:base,tabindex:1)
2023-12-30 14:23:40,778 [INFO] PluginManage:310 - Check plugin pinoutconfig
2023-12-30 14:23:40,874 [WARN] SupportedApi:132 - Cannot load RTOS API schema: s4s-elt-must-match.1: The content of 'definitions' must match (annotation?, (simpleType | complexType)?, (unique | key | keyref)*)). A problem was found starting at: attribute.
2023-12-30 14:23:41,085 [INFO] PluginManage:359 - Loaded plugin pinoutconfig (category:base,tabindex:0)
2023-12-30 14:23:41,085 [INFO] PluginManage:310 - Check plugin power
2023-12-30 14:23:41,118 [INFO] PluginManage:359 - Loaded plugin power (category:power,tabindex:4)
2023-12-30 14:23:41,119 [INFO] PluginManage:310 - Check plugin projectmanager
2023-12-30 14:23:41,138 [INFO] PluginManage:359 - Loaded plugin projectmanager (category:projectmanager,tabindex:3)
2023-12-30 14:23:41,138 [INFO] PluginManage:310 - Check plugin thirdparty
2023-12-30 14:23:41,421 [INFO] PluginManage:359 - Loaded plugin thirdparty (category:base,tabindex:-1)
2023-12-30 14:23:41,421 [WARN] IntegrityCheckThread:84 - waiting for thirdparty lock release [integrity check]
2023-12-30 14:23:41,421 [INFO] PluginManage:310 - Check plugin tools
2023-12-30 14:23:41,421 [INFO] IntegrityCheckThread:86 - entering critical section [integrity check]
2023-12-30 14:23:41,422 [INFO] ThirdPartyUpdaterWithRetryManager:70 - Updater plugin not ready yet. [1/15]
2023-12-30 14:23:41,467 [INFO] PluginManage:359 - Loaded plugin tools (category:base,tabindex:7)
2023-12-30 14:23:41,467 [INFO] PluginManage:310 - Check plugin tutovideos
2023-12-30 14:23:41,663 [INFO] PluginManage:359 - Loaded plugin tutovideos (category:base,tabindex:-1)
2023-12-30 14:23:41,663 [INFO] PluginManage:310 - Check plugin updater
2023-12-30 14:23:41,677 [INFO] PluginManage:359 - Loaded plugin updater (category:base,tabindex:12)
2023-12-30 14:23:41,677 [INFO] PluginManage:310 - Check plugin userauth
2023-12-30 14:23:41,683 [INFO] UserAuth:113 - Init User Auth plugin
2023-12-30 14:23:41,683 [INFO] PluginManage:359 - Loaded plugin userauth (category:base,tabindex:14)
2023-12-30 14:23:41,684 [INFO] PluginManage:283 - PluginManage : Loaded plugins [17]
2023-12-30 14:23:41,941 [INFO] PinOutPanel:1499 - setPackage(No Configuration,No Configuration)
2023-12-30 14:23:42,056 [INFO] CADModel:165 - CPN selected for project level
2023-12-30 14:23:42,056 [INFO] CADModel:114 - Register for checkConnection events
2023-12-30 14:23:42,085 [INFO] IPUIPlugin:80 - create IPUIPlugin
2023-12-30 14:23:42,086 [INFO] PluginManager:220 - loadIPPluginJar : add adc
2023-12-30 14:23:42,123 [INFO] IPUIPlugin:80 - create IPUIPlugin
2023-12-30 14:23:42,124 [INFO] PluginManager:220 - loadIPPluginJar : add aes
2023-12-30 14:23:42,164 [INFO] IPUIPlugin:80 - create IPUIPlugin
2023-12-30 14:23:42,164 [INFO] PluginManager:220 - loadIPPluginJar : add can
2023-12-30 14:23:42,187 [INFO] IPUIPlugin:80 - create IPUIPlugin
2023-12-30 14:23:42,187 [INFO] PluginManager:220 - loadIPPluginJar : add comp
2023-12-30 14:23:42,220 [INFO] IPUIPlugin:80 - create IPUIPlugin
2023-12-30 14:23:42,220 [INFO] PluginManager:220 - loadIPPluginJar : add cryp
2023-12-30 14:23:42,253 [INFO] IPUIPlugin:80 - create IPUIPlugin
2023-12-30 14:23:42,253 [INFO] PluginManager:220 - loadIPPluginJar : add dfsdm
2023-12-30 14:23:42,267 [INFO] IPUIPlugin:80 - create IPUIPlugin
2023-12-30 14:23:42,268 [INFO] PluginManager:220 - loadIPPluginJar : add dma
2023-12-30 14:23:42,311 [INFO] IPUIPlugin:80 - create IPUIPlugin
2023-12-30 14:23:42,311 [INFO] PluginManager:220 - loadIPPluginJar : add dma3
2023-12-30 14:23:42,332 [INFO] IPUIPlugin:80 - create IPUIPlugin
2023-12-30 14:23:42,332 [INFO] PluginManager:220 - loadIPPluginJar : add fatfs
2023-12-30 14:23:42,375 [INFO] IPUIPlugin:80 - create IPUIPlugin
2023-12-30 14:23:42,376 [INFO] PluginManager:220 - loadIPPluginJar : add fmc
2023-12-30 14:23:42,391 [INFO] IPUIPlugin:80 - create IPUIPlugin
2023-12-30 14:23:42,391 [INFO] PluginManager:220 - loadIPPluginJar : add freertos
2023-12-30 14:23:42,411 [INFO] IPUIPlugin:80 - create IPUIPlugin
2023-12-30 14:23:42,411 [INFO] PluginManager:220 - loadIPPluginJar : add genericplugin
2023-12-30 14:23:42,502 [INFO] IPUIPlugin:80 - create IPUIPlugin
2023-12-30 14:23:42,502 [INFO] PluginManager:220 - loadIPPluginJar : add gfxmmu
2023-12-30 14:23:42,679 [INFO] IPUIPlugin:80 - create IPUIPlugin
2023-12-30 14:23:42,679 [INFO] PluginManager:220 - loadIPPluginJar : add gic
2023-12-30 14:23:42,692 [INFO] IPUIPlugin:80 - create IPUIPlugin
2023-12-30 14:23:42,692 [INFO] PluginManager:220 - loadIPPluginJar : add gpio
2023-12-30 14:23:42,780 [INFO] IPUIPlugin:80 - create IPUIPlugin
2023-12-30 14:23:42,780 [INFO] PluginManager:220 - loadIPPluginJar : add gtzc
2023-12-30 14:23:42,812 [INFO] IPUIPlugin:80 - create IPUIPlugin
2023-12-30 14:23:42,812 [INFO] PluginManager:220 - loadIPPluginJar : add hash
2023-12-30 14:23:42,863 [INFO] IPUIPlugin:80 - create IPUIPlugin
2023-12-30 14:23:42,863 [INFO] PluginManager:220 - loadIPPluginJar : add i2c
2023-12-30 14:23:42,904 [INFO] IPUIPlugin:80 - create IPUIPlugin
2023-12-30 14:23:42,904 [INFO] PluginManager:220 - loadIPPluginJar : add i2s
2023-12-30 14:23:42,944 [INFO] IPUIPlugin:80 - create IPUIPlugin
2023-12-30 14:23:42,944 [INFO] PluginManager:220 - loadIPPluginJar : add i3c
2023-12-30 14:23:43,041 [INFO] IPUIPlugin:80 - create IPUIPlugin
2023-12-30 14:23:43,041 [INFO] PluginManager:220 - loadIPPluginJar : add ipddr
2023-12-30 14:23:43,133 [INFO] IPUIPlugin:80 - create IPUIPlugin
2023-12-30 14:23:43,133 [INFO] PluginManager:220 - loadIPPluginJar : add linkedlist
2023-12-30 14:23:43,165 [INFO] IPUIPlugin:80 - create IPUIPlugin
2023-12-30 14:23:43,165 [INFO] PluginManager:220 - loadIPPluginJar : add lorawan
2023-12-30 14:23:43,199 [INFO] IPUIPlugin:80 - create IPUIPlugin
2023-12-30 14:23:43,199 [INFO] PluginManager:220 - loadIPPluginJar : add ltdc
2023-12-30 14:23:43,213 [INFO] IPUIPlugin:80 - create IPUIPlugin
2023-12-30 14:23:43,213 [INFO] PluginManager:220 - loadIPPluginJar : add mdma
2023-12-30 14:23:43,225 [INFO] IPUIPlugin:80 - create IPUIPlugin
2023-12-30 14:23:43,226 [INFO] PluginManager:220 - loadIPPluginJar : add nvic
2023-12-30 14:23:43,259 [INFO] IPUIPlugin:80 - create IPUIPlugin
2023-12-30 14:23:43,259 [INFO] PluginManager:220 - loadIPPluginJar : add opamp
2023-12-30 14:23:43,316 [INFO] IPUIPlugin:80 - create IPUIPlugin
2023-12-30 14:23:43,316 [INFO] PluginManager:220 - loadIPPluginJar : add openamp
2023-12-30 14:23:43,359 [INFO] IPUIPlugin:80 - create IPUIPlugin
2023-12-30 14:23:43,359 [INFO] PluginManager:220 - loadIPPluginJar : add pdm2pcm
2023-12-30 14:23:43,374 [INFO] IPUIPlugin:80 - create IPUIPlugin
2023-12-30 14:23:43,376 [INFO] PluginManager:220 - loadIPPluginJar : add plateformsettings
2023-12-30 14:23:43,398 [INFO] IPUIPlugin:80 - create IPUIPlugin
2023-12-30 14:23:43,398 [INFO] PluginManager:220 - loadIPPluginJar : add quadspi
2023-12-30 14:23:43,411 [INFO] IPUIPlugin:80 - create IPUIPlugin
2023-12-30 14:23:43,411 [INFO] PluginManager:220 - loadIPPluginJar : add resmgrutility
2023-12-30 14:23:43,452 [INFO] IPUIPlugin:80 - create IPUIPlugin
2023-12-30 14:23:43,452 [INFO] PluginManager:220 - loadIPPluginJar : add sai
2023-12-30 14:23:43,488 [INFO] IPUIPlugin:80 - create IPUIPlugin
2023-12-30 14:23:43,488 [INFO] PluginManager:220 - loadIPPluginJar : add spi
2023-12-30 14:23:43,541 [INFO] IPUIPlugin:80 - create IPUIPlugin
2023-12-30 14:23:43,541 [INFO] PluginManager:220 - loadIPPluginJar : add stm32_wpan
2023-12-30 14:23:43,562 [INFO] IPUIPlugin:80 - create IPUIPlugin
2023-12-30 14:23:43,563 [INFO] PluginManager:220 - loadIPPluginJar : add tim
2023-12-30 14:23:43,613 [INFO] IPUIPlugin:80 - create IPUIPlugin
2023-12-30 14:23:43,613 [INFO] PluginManager:220 - loadIPPluginJar : add touchsensing
2023-12-30 14:23:43,638 [INFO] IPUIPlugin:80 - create IPUIPlugin
2023-12-30 14:23:43,638 [INFO] PluginManager:220 - loadIPPluginJar : add tracer_emb
2023-12-30 14:23:43,659 [INFO] IPUIPlugin:80 - create IPUIPlugin
2023-12-30 14:23:43,659 [INFO] PluginManager:220 - loadIPPluginJar : add ts
2023-12-30 14:23:43,679 [INFO] IPUIPlugin:80 - create IPUIPlugin
2023-12-30 14:23:43,679 [INFO] PluginManager:220 - loadIPPluginJar : add tsc
2023-12-30 14:23:43,703 [INFO] IPUIPlugin:80 - create IPUIPlugin
2023-12-30 14:23:43,703 [INFO] PluginManager:220 - loadIPPluginJar : add ucpd
2023-12-30 14:23:43,747 [INFO] IPUIPlugin:80 - create IPUIPlugin
2023-12-30 14:23:43,747 [INFO] PluginManager:220 - loadIPPluginJar : add usart
2023-12-30 14:23:43,789 [INFO] IPUIPlugin:80 - create IPUIPlugin
2023-12-30 14:23:43,789 [INFO] PluginManager:220 - loadIPPluginJar : add usbx
2023-12-30 14:23:43,912 [INFO] CADModel:165 - CPN selected for project level
2023-12-30 14:23:43,913 [INFO] CADModel:114 - Register for checkConnection events
2023-12-30 14:23:43,913 [FATAL] Updater:308 - Updater called before beeing initialized
2023-12-30 14:23:43,913 [ERROR] CADModel:125 - Updater not yet initialized, retry later 
2023-12-30 14:23:44,044 [INFO] CADModel:165 - CPN selected for project level
2023-12-30 14:23:44,045 [INFO] CADModel:114 - Register for checkConnection events
2023-12-30 14:23:44,045 [FATAL] Updater:308 - Updater called before beeing initialized
2023-12-30 14:23:44,045 [ERROR] CADModel:125 - Updater not yet initialized, retry later 
2023-12-30 14:23:44,048 [FATAL] Updater:308 - Updater called before beeing initialized
2023-12-30 14:23:44,156 [FATAL] Updater:308 - Updater called before beeing initialized
2023-12-30 14:23:44,168 [INFO] DbMcusAds:53 - JSON generation date=Wed Nov 29 17:52:38 ICT 2023 (1701255158764)
2023-12-30 14:23:44,168 [FATAL] Updater:308 - Updater called before beeing initialized
2023-12-30 14:23:44,210 [WARN] DetailPanel:346 - Failed to get advertising image, set to default
2023-12-30 14:23:44,298 [FATAL] Updater:308 - Updater called before beeing initialized
2023-12-30 14:23:44,300 [FATAL] Updater:308 - Updater called before beeing initialized
2023-12-30 14:23:44,300 [FATAL] Updater:308 - Updater called before beeing initialized
2023-12-30 14:23:44,300 [WARN] DetailPanel:346 - Failed to get advertising image, set to default
2023-12-30 14:23:44,301 [FATAL] Updater:308 - Updater called before beeing initialized
2023-12-30 14:23:44,354 [ERROR] Updater:1120 - MainUpdater not yet initialized. External WinMGr cannot be set.
2023-12-30 14:23:44,364 [INFO] Updater:1056 - Updater Version found : 6.9.0
2023-12-30 14:23:44,384 [INFO] ApplicationProperties:184 - Using Application install path: C:\ST\STM32CubeIDE_1.13.0\STM32CubeIDE\plugins\com.st.stm32cube.common.mx_6.9.0.202307051724
2023-12-30 14:23:44,423 [INFO] ThirdPartyUpdaterWithRetryManager:70 - Updater plugin not ready yet. [2/15]
2023-12-30 14:23:44,546 [INFO] MainUpdater:2868 - connection check result : 10
2023-12-30 14:23:44,546 [INFO] MainUpdater:3562 - Updater definition file requires update
2023-12-30 14:23:44,548 [INFO] MainUpdater:285 - Updater Check For Update Now.
2023-12-30 14:23:44,548 [INFO] MicroXplorer:498 - Change Database Version : DB.6.0.90
2023-12-30 14:23:44,563 [INFO] McuFinderGlobals:63 - Set McuFinder mode to 2 (CubeIDE integrated)
2023-12-30 14:23:44,688 [INFO] ServerAccessManage:473 - Download File updaters.zip
2023-12-30 14:23:44,851 [INFO] FileExtend:240 - Unzip File : updaters.zip
2023-12-30 14:23:44,851 [INFO] FileExtend:255 - Standard Zip Deflate
2023-12-30 14:23:45,411 [INFO] ServerAccessManage:473 - Download File PacksControlFlags.xml
2023-12-30 14:23:45,615 [INFO] ServerAccessManage:473 - Download File cubemx.pidx
2023-12-30 14:23:45,740 [INFO] LoadServerUpdatesThread:373 - End of LoadServerUpdate Thread
2023-12-30 14:23:45,946 [INFO] CheckServerUpdateThread:120 - End of CheckServer Thread
2023-12-30 14:23:47,700 [WARN] PackLoader:240 - Cannot read IP mode file for STMicroelectronics.X-CUBE-SMBUS.2.1.0
2023-12-30 14:23:47,719 [WARN] PackLoader:240 - Cannot read IP mode file for STMicroelectronics.X-CUBE-TOUCHGFX.4.23.0
2023-12-30 14:23:47,774 [WARN] PackLoader:240 - Cannot read IP mode file for STMicroelectronics.X-CUBE-AZRTOS-F7.1.1.0
2023-12-30 14:23:47,797 [WARN] PackLoader:240 - Cannot read IP mode file for STMicroelectronics.FP-SNS-MOTENV1.4.3.2
2023-12-30 14:23:47,822 [WARN] PackLoader:240 - Cannot read IP mode file for STMicroelectronics.X-CUBE-BLE1.6.2.3
2023-12-30 14:23:47,836 [WARN] PackLoader:240 - Cannot read IP mode file for STMicroelectronics.X-CUBE-BLE1.6.2.4
2023-12-30 14:23:47,852 [WARN] PackLoader:240 - Cannot read IP mode file for STMicroelectronics.FP-SNS-FLIGHT1.5.0.2
2023-12-30 14:23:47,874 [WARN] PackLoader:240 - Cannot read IP mode file for STMicroelectronics.X-CUBE-DISPLAY.3.0.0
2023-12-30 14:23:47,894 [WARN] PackLoader:240 - Cannot read IP mode file for STMicroelectronics.X-CUBE-BLE1.7.0.0
2023-12-30 14:23:47,913 [WARN] PackLoader:240 - Cannot read IP mode file for STMicroelectronics.X-CUBE-TOUCHGFX.4.22.0
2023-12-30 14:23:47,927 [WARN] PackLoader:240 - Cannot read IP mode file for STMicroelectronics.X-CUBE-TOUCHGFX.4.22.1
2023-12-30 14:23:48,000 [WARN] PackLoader:240 - Cannot read IP mode file for STMicroelectronics.X-CUBE-MEMS1.9.3.0
2023-12-30 14:23:48,169 [WARN] PackLoader:240 - Cannot read IP mode file for STMicroelectronics.X-CUBE-AI.7.2.0
2023-12-30 14:23:48,186 [WARN] PackLoader:240 - Cannot read IP mode file for STMicroelectronics.FP-SNS-SMARTAG2.1.2.0
2023-12-30 14:23:48,209 [INFO] LogOutputStream:77 - [STDOUT_REDIRECT] 1 : Invalid condition id : UX_CORESTACK_Condition cause : null
2023-12-30 14:23:48,210 [INFO] LogOutputStream:77 - [STDOUT_REDIRECT] 1 : Invalid condition id : UX_CORESTACK_Condition cause : null
2023-12-30 14:23:48,212 [INFO] LogOutputStream:77 - [STDOUT_REDIRECT] 1 : Invalid condition id : UX_CORESTACK_Condition cause : null
2023-12-30 14:23:48,212 [INFO] LogOutputStream:77 - [STDOUT_REDIRECT] 1 : Invalid condition id : UX_CORESTACK_Condition cause : null
2023-12-30 14:23:48,213 [INFO] LogOutputStream:77 - [STDOUT_REDIRECT] 1 : Invalid condition id : UX_CORESTACK_Condition cause : null
2023-12-30 14:23:48,220 [WARN] PackLoader:240 - Cannot read IP mode file for STMicroelectronics.X-CUBE-AZRTOS-WL.2.0.0
2023-12-30 14:23:48,241 [WARN] PackLoader:240 - Cannot read IP mode file for WES.I-CUBE-Cesium.1.3.0
2023-12-30 14:23:48,256 [WARN] PackLoader:240 - Cannot read IP mode file for STMicroelectronics.X-CUBE-BLE2.3.3.0
2023-12-30 14:23:48,274 [WARN] PackLoader:240 - Cannot read IP mode file for STMicroelectronics.X-CUBE-DISPLAY.2.2.0
2023-12-30 14:23:48,303 [WARN] PackLoader:240 - Cannot read IP mode file for STMicroelectronics.X-CUBE-TOF1.3.2.0
2023-12-30 14:23:48,324 [WARN] PackLoader:240 - Cannot read IP mode file for STMicroelectronics.X-CUBE-ISPU.1.0.0
2023-12-30 14:23:48,365 [WARN] PackLoader:240 - Cannot read IP mode file for STMicroelectronics.X-CUBE-AZRTOS-H7.2.1.0
2023-12-30 14:23:48,387 [WARN] PackLoader:240 - Cannot read IP mode file for STMicroelectronics.X-CUBE-ALGOBUILD.1.3.0
2023-12-30 14:23:48,422 [WARN] PackLoader:240 - Cannot read IP mode file for STMicroelectronics.X-CUBE-AZRTOS-G0.1.1.0
2023-12-30 14:23:48,441 [WARN] PackLoader:240 - Cannot read IP mode file for STMicroelectronics.X-CUBE-NFC4.3.0.0
2023-12-30 14:23:48,501 [WARN] PackLoader:240 - Cannot read IP mode file for SEGGER.I-CUBE-embOS.1.2.1
2023-12-30 14:23:48,559 [WARN] PackLoader:240 - Cannot read IP mode file for STMicroelectronics.X-CUBE-BLEMGR.3.0.0
2023-12-30 14:23:48,575 [WARN] PackLoader:240 - Cannot read IP mode file for STMicroelectronics.FP-ATR-SIGFOX1.3.2.0
2023-12-30 14:23:48,593 [WARN] PackLoader:240 - Cannot read IP mode file for emotas.I-CUBE-CANOPEN.1.1.2
2023-12-30 14:23:48,608 [WARN] PackLoader:240 - Cannot read IP mode file for STMicroelectronics.X-CUBE-TOUCHGFX.4.20.0
2023-12-30 14:23:48,655 [WARN] PackLoader:240 - Cannot read IP mode file for SEGGER.I-CUBE-embOS.1.3.1
2023-12-30 14:23:48,704 [WARN] PackLoader:240 - Cannot read IP mode file for STMicroelectronics.X-CUBE-GNSS1.6.0.0
2023-12-30 14:23:48,741 [WARN] PackLoader:240 - Cannot read IP mode file for STMicroelectronics.X-CUBE-AZRTOS-F4.1.1.0
2023-12-30 14:23:48,761 [WARN] PackLoader:240 - Cannot read IP mode file for STMicroelectronics.X-CUBE-BLEMGR.1.2.0
2023-12-30 14:23:48,799 [WARN] PackLoader:240 - Cannot read IP mode file for STMicroelectronics.X-CUBE-AZRTOS-L5.2.0.0
2023-12-30 14:23:48,869 [WARN] PackLoader:240 - Cannot read IP mode file for STMicroelectronics.X-CUBE-MEMS1.9.6.0
2023-12-30 14:23:49,042 [WARN] PackLoader:240 - Cannot read IP mode file for STMicroelectronics.X-CUBE-EEPRMA1.4.2.0
2023-12-30 14:23:49,057 [WARN] PackLoader:240 - Cannot read IP mode file for ITTIA_DB.I-CUBE-ITTIADB.8.8.0
2023-12-30 14:23:49,073 [WARN] PackLoader:240 - Cannot read IP mode file for STMicroelectronics.X-CUBE-BLEMGR.2.0.0
2023-12-30 14:23:49,090 [WARN] PackLoader:240 - Cannot read IP mode file for STMicroelectronics.X-CUBE-NFC4.2.0.4
2023-12-30 14:23:49,121 [WARN] ConditionMgr:438 - getConditionDescription Invalid condition id : UX DEVICE CLASS RTOS Condition cause : null
2023-12-30 14:23:49,121 [WARN] ConditionMgr:438 - getConditionDescription Invalid condition id : UX DEVICE CLASS RTOS Condition cause : null
2023-12-30 14:23:49,124 [WARN] PackLoader:240 - Cannot read IP mode file for STMicroelectronics.X-CUBE-AZRTOS-H7.3.1.0
2023-12-30 14:23:49,126 [WARN] ConditionMgr:1039 - genDependencies : Invalid condition id : UX DEVICE CLASS RTOS Condition cause : null
2023-12-30 14:23:49,126 [WARN] ConditionMgr:1039 - genDependencies : Invalid condition id : UX DEVICE CLASS RTOS Condition cause : null
2023-12-30 14:23:49,126 [WARN] ConditionMgr:1039 - genDependencies : Invalid condition id : UX DEVICE CLASS RTOS Condition cause : null
2023-12-30 14:23:49,127 [WARN] ConditionMgr:1039 - genDependencies : Invalid condition id : UX DEVICE CLASS RTOS Condition cause : null
2023-12-30 14:23:49,127 [WARN] ConditionMgr:1039 - genDependencies : Invalid condition id : UX DEVICE CLASS RTOS Condition cause : null
2023-12-30 14:23:49,141 [WARN] PackLoader:240 - Cannot read IP mode file for wolfSSL.I-CUBE-wolfSSL.5.5.1
2023-12-30 14:23:49,159 [WARN] PackLoader:240 - Cannot read IP mode file for STMicroelectronics.X-CUBE-NFC7.1.0.1
2023-12-30 14:23:49,172 [WARN] PackLoader:240 - Cannot read IP mode file for STMicroelectronics.X-CUBE-NFC7.1.0.0
2023-12-30 14:23:49,188 [WARN] PackLoader:240 - Cannot read IP mode file for STMicroelectronics.X-CUBE-NFC6.3.0.0
2023-12-30 14:23:49,202 [WARN] PackLoader:240 - Cannot read IP mode file for STMicroelectronics.X-CUBE-EEPRMA1.4.1.0
2023-12-30 14:23:49,216 [WARN] PackLoader:240 - Cannot read IP mode file for STMicroelectronics.X-CUBE-AI.8.1.0
2023-12-30 14:23:49,245 [WARN] ConditionMgr:438 - getConditionDescription Invalid condition id : LAN8742 Phy interface Condition cause : null
2023-12-30 14:23:49,245 [WARN] PackLoader:240 - Cannot read IP mode file for STMicroelectronics.X-CUBE-AZRTOS-L4.2.0.0
2023-12-30 14:23:49,246 [WARN] ConditionMgr:1039 - genDependencies : Invalid condition id : LAN8742 Phy interface Condition cause : null
2023-12-30 14:23:49,247 [WARN] ConditionMgr:1039 - genDependencies : Invalid condition id : LAN8742 Phy interface Condition cause : null
2023-12-30 14:23:49,253 [WARN] ConditionMgr:1039 - genDependencies : Invalid condition id : LAN8742 Phy interface Condition cause : null
2023-12-30 14:23:49,269 [WARN] PackLoader:240 - Cannot read IP mode file for STMicroelectronics.X-CUBE-SFXS2LP1.4.0.0
2023-12-30 14:23:49,285 [WARN] PackLoader:240 - Cannot read IP mode file for STMicroelectronics.X-CUBE-ISPU.1.1.0
2023-12-30 14:23:49,303 [WARN] PackLoader:240 - Cannot read IP mode file for RoweBots.I-CUBE-UNISONRTOS.5.5.0-4
2023-12-30 14:23:49,331 [WARN] ConditionMgr:438 - getConditionDescription Invalid condition id : UX DEVICE CLASS RTOS Condition cause : null
2023-12-30 14:23:49,331 [WARN] ConditionMgr:438 - getConditionDescription Invalid condition id : UX DEVICE CLASS RTOS Condition cause : null
2023-12-30 14:23:49,334 [WARN] PackLoader:240 - Cannot read IP mode file for STMicroelectronics.X-CUBE-AZRTOS-WB.2.0.0
2023-12-30 14:23:49,335 [WARN] ConditionMgr:1039 - genDependencies : Invalid condition id : UX DEVICE CLASS RTOS Condition cause : null
2023-12-30 14:23:49,335 [WARN] ConditionMgr:1039 - genDependencies : Invalid condition id : UX DEVICE CLASS RTOS Condition cause : null
2023-12-30 14:23:49,336 [WARN] ConditionMgr:1039 - genDependencies : Invalid condition id : UX DEVICE CLASS RTOS Condition cause : null
2023-12-30 14:23:49,336 [WARN] ConditionMgr:1039 - genDependencies : Invalid condition id : UX DEVICE CLASS RTOS Condition cause : null
2023-12-30 14:23:49,336 [WARN] ConditionMgr:1039 - genDependencies : Invalid condition id : UX DEVICE CLASS RTOS Condition cause : null
2023-12-30 14:23:49,350 [WARN] PackLoader:240 - Cannot read IP mode file for STMicroelectronics.X-CUBE-FREERTOS.1.0.1
2023-12-30 14:23:49,381 [WARN] PackLoader:240 - Cannot read IP mode file for STMicroelectronics.X-CUBE-AZRTOS-L5.1.1.0
2023-12-30 14:23:49,394 [WARN] PackLoader:240 - Cannot read IP mode file for STMicroelectronics.X-CUBE-AI.8.0.1
2023-12-30 14:23:49,418 [WARN] PackLoader:240 - Cannot read IP mode file for STMicroelectronics.X-CUBE-SUBG2.5.0.0
2023-12-30 14:23:49,443 [WARN] PackLoader:240 - Cannot read IP mode file for STMicroelectronics.X-CUBE-TOF1.3.3.1
2023-12-30 14:23:49,478 [WARN] PackLoader:240 - Cannot read IP mode file for STMicroelectronics.X-CUBE-AZRTOS-G4.2.0.0
2023-12-30 14:23:49,494 [WARN] PackLoader:240 - Cannot read IP mode file for STMicroelectronics.FP-ATR-ASTRA1.1.1.1
2023-12-30 14:23:49,522 [WARN] PackLoader:240 - Cannot read IP mode file for Infineon.AIROC-Wi-Fi-Bluetooth-STM32.1.5.1
2023-12-30 14:23:49,538 [WARN] PackLoader:240 - Cannot read IP mode file for STMicroelectronics.FP-SNS-MOTENVWB1.1.3.0
2023-12-30 14:23:49,551 [WARN] PackLoader:240 - Cannot read IP mode file for STMicroelectronics.FP-SNS-MOTENVWB1.1.3.1
2023-12-30 14:23:49,573 [WARN] PackLoader:240 - Cannot read IP mode file for STMicroelectronics.X-CUBE-AZRTOS-G4.1.0.0
2023-12-30 14:23:49,604 [WARN] PackLoader:240 - Cannot read IP mode file for STMicroelectronics.X-CUBE-AZRTOS-L4.1.0.0
2023-12-30 14:23:49,619 [WARN] PackLoader:240 - Cannot read IP mode file for STMicroelectronics.X-CUBE-ISPU.2.0.0
2023-12-30 14:23:49,662 [WARN] PackLoader:240 - Cannot read IP mode file for STMicroelectronics.X-CUBE-MEMS1.10.0.0
2023-12-30 14:23:49,808 [WARN] PackLoader:240 - Cannot read IP mode file for STMicroelectronics.X-CUBE-FREERTOS.1.1.0
2023-12-30 14:23:49,831 [WARN] PackLoader:240 - Cannot read IP mode file for STMicroelectronics.X-CUBE-AZRTOS-WL.1.0.0
2023-12-30 14:23:49,845 [WARN] PackLoader:240 - Cannot read IP mode file for portGmbH.I-Cube-SoM-uGOAL.1.1.0
2023-12-30 14:23:49,859 [WARN] PackLoader:240 - Cannot read IP mode file for STMicroelectronics.X-CUBE-ALS.1.0.1
2023-12-30 14:23:49,881 [WARN] PackLoader:240 - Cannot read IP mode file for STMicroelectronics.X-CUBE-AZRTOS-WB.1.1.0
2023-12-30 14:23:49,913 [WARN] PackLoader:240 - Cannot read IP mode file for STMicroelectronics.X-CUBE-AZRTOS-L5.1.0.0
2023-12-30 14:23:49,938 [WARN] PackLoader:240 - Cannot read IP mode file for STMicroelectronics.X-CUBE-EEPRMA1.3.1.1
2023-12-30 14:23:49,958 [WARN] PackLoader:240 - Cannot read IP mode file for STMicroelectronics.FP-ATR-ASTRA1.2.0.0
2023-12-30 14:23:49,985 [WARN] PackLoader:240 - Cannot read IP mode file for STMicroelectronics.X-CUBE-TOF1.3.4.0
2023-12-30 14:23:50,060 [WARN] PackLoader:240 - Cannot read IP mode file for STMicroelectronics.X-CUBE-AZRTOS-H7.3.2.0
2023-12-30 14:23:50,063 [INFO] ThirdParty:978 - Integrity check success = true
2023-12-30 14:23:50,063 [INFO] IntegrityCheckThread:100 - exiting critical section [integrity check]
2023-12-30 14:23:50,064 [INFO] IntegrityCheckThread:103 - End integrity checks thread
2023-12-30 14:24:05,733 [ERROR] LogOutputStream:75 - [STDERR_REDIRECT] SLF4J: Failed to load class "org.slf4j.impl.StaticLoggerBinder".
2023-12-30 14:24:05,734 [ERROR] LogOutputStream:75 - [STDERR_REDIRECT] SLF4J: Defaulting to no-operation (NOP) logger implementation
2023-12-30 14:24:05,735 [ERROR] LogOutputStream:75 - [STDERR_REDIRECT] SLF4J: See http://www.slf4j.org/codes.html#StaticLoggerBinder for further details.
