2024-02-05 01:24:23,533 [INFO] Activator:176 - 


2024-02-05 01:24:23,538 [INFO] Activator:177 - !SESSION log4j initialized
2024-02-05 01:24:29,416 [INFO] LogOutputStream:77 - [STDOUT_REDIRECT] 
2024-02-05 01:24:32,833 [INFO] ApplicationProperties:184 - Using Application install path: C:\ST\STM32CubeIDE_1.13.0\STM32CubeIDE\plugins\com.st.stm32cube.common.mx_6.9.0.202307051724
2024-02-05 01:24:32,857 [INFO] DbMcusXml:78 - Set database path to: C:\ST\STM32CubeIDE_1.13.0\STM32CubeIDE\plugins\com.st.stm32cube.common.mx_6.9.0.202307051724\\db\/mcu/
2024-02-05 01:24:32,857 [INFO] ApiDb:274 - Set plugin database path to: C:\ST\STM32CubeIDE_1.13.0\STM32CubeIDE\plugins\com.st.stm32cube.common.mx_6.9.0.202307051724\\db\/plugins/boardmanager/
2024-02-05 01:24:32,857 [WARN] ApiDb:259 - Overriding images path with different value:  => C:\ST\STM32CubeIDE_1.13.0\STM32CubeIDE\plugins\com.st.stm32cube.common.mx_6.9.0.202307051724\\db\/plugins/mcufinder/images/
2024-02-05 01:24:32,879 [INFO] ApiDb:250 - Set database path to: C:\Users\Acer\.stmcufinder\plugins\mcufinder//mcu/
2024-02-05 01:24:32,880 [INFO] DbMcusAds:125 - Set database path to: C:\Users\Acer\.stmcufinder\plugins\mcufinder//mcu/
2024-02-05 01:24:32,882 [INFO] CrossReferenceDbSqlite:203 - Set database path to: C:\Users\Acer\.stmcufinder\plugins\mcufinder//mcu/cs/
2024-02-05 01:24:33,008 [INFO] RulesReader:64 - Compatibility file has been processed (293 Rules)
2024-02-05 01:24:33,096 [INFO] DbMcusXml:78 - Set database path to: C:\ST\STM32CubeIDE_1.13.0\STM32CubeIDE\plugins\com.st.stm32cube.common.mx_6.9.0.202307051724\\db\/mcu/
2024-02-05 01:24:33,098 [INFO] ApiDb:274 - Set plugin database path to: C:\ST\STM32CubeIDE_1.13.0\STM32CubeIDE\plugins\com.st.stm32cube.common.mx_6.9.0.202307051724\\db\/plugins/boardmanager/
2024-02-05 01:24:33,098 [INFO] ApiDb:261 - Set plugin images path to: C:\ST\STM32CubeIDE_1.13.0\STM32CubeIDE\plugins\com.st.stm32cube.common.mx_6.9.0.202307051724\\db\/plugins/mcufinder/images/
2024-02-05 01:24:33,098 [WARN] DbFile:41 - Overriding database path with different value: C:\Users\Acer\.stmcufinder\plugins\mcufinder/ => C:\Users\Acer\.stmcufinder\plugins\mcufinder
2024-02-05 01:24:33,098 [INFO] ApiDb:250 - Set database path to: C:\Users\Acer\.stmcufinder\plugins\mcufinder//mcu/
2024-02-05 01:24:33,098 [WARN] DbFile:41 - Overriding database path with different value: C:\Users\Acer\.stmcufinder\plugins\mcufinder/ => C:\Users\Acer\.stmcufinder\plugins\mcufinder
2024-02-05 01:24:33,098 [INFO] DbMcusAds:125 - Set database path to: C:\Users\Acer\.stmcufinder\plugins\mcufinder//mcu/
2024-02-05 01:24:33,098 [WARN] DbFile:41 - Overriding database path with different value: C:\Users\Acer\.stmcufinder\plugins\mcufinder/ => C:\Users\Acer\.stmcufinder\plugins\mcufinder
2024-02-05 01:24:33,098 [WARN] DbFile:41 - Overriding database path with different value: C:\Users\Acer\.stmcufinder\plugins\mcufinder/ => C:\Users\Acer\.stmcufinder\plugins\mcufinder
2024-02-05 01:24:33,098 [INFO] CrossReferenceDbSqlite:203 - Set database path to: C:\Users\Acer\.stmcufinder\plugins\mcufinder//mcu/cs/
2024-02-05 01:24:33,183 [INFO] MainPanel:262 - HeapMemory: 268435456
2024-02-05 01:24:33,330 [INFO] DbMcusXml:78 - Set database path to: C:\ST\STM32CubeIDE_1.13.0\STM32CubeIDE\plugins\com.st.stm32cube.common.mx_6.9.0.202307051724\\db\/mcu/
2024-02-05 01:24:33,330 [INFO] ApiDb:274 - Set plugin database path to: C:\ST\STM32CubeIDE_1.13.0\STM32CubeIDE\plugins\com.st.stm32cube.common.mx_6.9.0.202307051724\\db\/plugins/boardmanager/
2024-02-05 01:24:33,330 [INFO] ApiDb:261 - Set plugin images path to: C:\ST\STM32CubeIDE_1.13.0\STM32CubeIDE\plugins\com.st.stm32cube.common.mx_6.9.0.202307051724\\db\/plugins/mcufinder/images/
2024-02-05 01:24:33,331 [WARN] DbFile:41 - Overriding database path with different value: C:\Users\Acer\.stmcufinder\plugins\mcufinder/ => C:\Users\Acer\.stmcufinder\plugins\mcufinder
2024-02-05 01:24:33,331 [INFO] ApiDb:250 - Set database path to: C:\Users\Acer\.stmcufinder\plugins\mcufinder//mcu/
2024-02-05 01:24:33,331 [WARN] DbFile:41 - Overriding database path with different value: C:\Users\Acer\.stmcufinder\plugins\mcufinder/ => C:\Users\Acer\.stmcufinder\plugins\mcufinder
2024-02-05 01:24:33,331 [INFO] DbMcusAds:125 - Set database path to: C:\Users\Acer\.stmcufinder\plugins\mcufinder//mcu/
2024-02-05 01:24:33,331 [WARN] DbFile:41 - Overriding database path with different value: C:\Users\Acer\.stmcufinder\plugins\mcufinder/ => C:\Users\Acer\.stmcufinder\plugins\mcufinder
2024-02-05 01:24:33,332 [WARN] DbFile:41 - Overriding database path with different value: C:\Users\Acer\.stmcufinder\plugins\mcufinder/ => C:\Users\Acer\.stmcufinder\plugins\mcufinder
2024-02-05 01:24:33,332 [INFO] CrossReferenceDbSqlite:203 - Set database path to: C:\Users\Acer\.stmcufinder\plugins\mcufinder//mcu/cs/
2024-02-05 01:24:33,357 [INFO] ApplicationProperties:184 - Using Application install path: C:\ST\STM32CubeIDE_1.13.0\STM32CubeIDE\plugins\com.st.stm32cube.common.mx_6.9.0.202307051724
2024-02-05 01:24:33,359 [INFO] PluginManage:196 - Search for loadable plugins [exclusion list=, ]
2024-02-05 01:24:33,361 [INFO] PluginManage:310 - Check plugin analytics
2024-02-05 01:24:33,526 [INFO] AnalyticsPlugin:253 - Accepted Software Licenses: STM32CubeMX.6.9.0
2024-02-05 01:24:33,526 [INFO] AnalyticsPlugin:255 - Accepted CMSIS Pack Licenses: 
2024-02-05 01:24:33,526 [INFO] AnalyticsPlugin:257 - Accepted Firmware Licenses: FW.F4.1.27.0
2024-02-05 01:24:33,529 [INFO] PluginManage:359 - Loaded plugin analytics (category:tool,tabindex:-1)
2024-02-05 01:24:33,530 [INFO] PluginManage:310 - Check plugin cadmodel
2024-02-05 01:24:33,544 [INFO] CADModel:105 - Init CAD model plugin
2024-02-05 01:24:33,544 [INFO] PluginManage:359 - Loaded plugin cadmodel (category:power,tabindex:5)
2024-02-05 01:24:33,544 [INFO] PluginManage:310 - Check plugin clock
2024-02-05 01:24:33,564 [INFO] PluginManage:359 - Loaded plugin clock (category:base,tabindex:2)
2024-02-05 01:24:33,565 [INFO] PluginManage:310 - Check plugin ddr
2024-02-05 01:24:33,567 [INFO] PluginManage:359 - Loaded plugin ddr (category:tool,tabindex:6)
2024-02-05 01:24:33,567 [INFO] PluginManage:310 - Check plugin filemanager
2024-02-05 01:24:33,698 [INFO] PluginManage:359 - Loaded plugin filemanager (category:base,tabindex:10)
2024-02-05 01:24:33,698 [INFO] PluginManage:310 - Check plugin ipmanager
2024-02-05 01:24:33,707 [INFO] PluginManage:359 - Loaded plugin ipmanager (category:base,tabindex:5)
2024-02-05 01:24:33,707 [INFO] PluginManage:310 - Check plugin lpbam
2024-02-05 01:24:33,725 [INFO] PluginManage:359 - Loaded plugin lpbam (category:base,tabindex:0)
2024-02-05 01:24:33,726 [INFO] PluginManage:310 - Check plugin memorymap
2024-02-05 01:24:33,752 [INFO] PluginManage:359 - Loaded plugin memorymap (category:base,tabindex:4)
2024-02-05 01:24:33,752 [INFO] PluginManage:310 - Check plugin pinoutandconfiguration
2024-02-05 01:24:33,769 [INFO] PluginManage:359 - Loaded plugin pinoutandconfiguration (category:base,tabindex:1)
2024-02-05 01:24:33,770 [INFO] PluginManage:310 - Check plugin pinoutconfig
2024-02-05 01:24:33,856 [WARN] SupportedApi:132 - Cannot load RTOS API schema: s4s-elt-must-match.1: The content of 'definitions' must match (annotation?, (simpleType | complexType)?, (unique | key | keyref)*)). A problem was found starting at: attribute.
2024-02-05 01:24:33,983 [INFO] PluginManage:359 - Loaded plugin pinoutconfig (category:base,tabindex:0)
2024-02-05 01:24:33,983 [INFO] PluginManage:310 - Check plugin power
2024-02-05 01:24:34,004 [INFO] PluginManage:359 - Loaded plugin power (category:power,tabindex:4)
2024-02-05 01:24:34,005 [INFO] PluginManage:310 - Check plugin projectmanager
2024-02-05 01:24:34,018 [INFO] PluginManage:359 - Loaded plugin projectmanager (category:projectmanager,tabindex:3)
2024-02-05 01:24:34,019 [INFO] PluginManage:310 - Check plugin thirdparty
2024-02-05 01:24:34,323 [INFO] PluginManage:359 - Loaded plugin thirdparty (category:base,tabindex:-1)
2024-02-05 01:24:34,323 [WARN] IntegrityCheckThread:84 - waiting for thirdparty lock release [integrity check]
2024-02-05 01:24:34,323 [INFO] PluginManage:310 - Check plugin tools
2024-02-05 01:24:34,323 [INFO] IntegrityCheckThread:86 - entering critical section [integrity check]
2024-02-05 01:24:34,323 [INFO] ThirdPartyUpdaterWithRetryManager:70 - Updater plugin not ready yet. [1/15]
2024-02-05 01:24:34,362 [INFO] PluginManage:359 - Loaded plugin tools (category:base,tabindex:7)
2024-02-05 01:24:34,362 [INFO] PluginManage:310 - Check plugin tutovideos
2024-02-05 01:24:34,581 [INFO] PluginManage:359 - Loaded plugin tutovideos (category:base,tabindex:-1)
2024-02-05 01:24:34,581 [INFO] PluginManage:310 - Check plugin updater
2024-02-05 01:24:34,595 [INFO] PluginManage:359 - Loaded plugin updater (category:base,tabindex:12)
2024-02-05 01:24:34,595 [INFO] PluginManage:310 - Check plugin userauth
2024-02-05 01:24:34,601 [INFO] UserAuth:113 - Init User Auth plugin
2024-02-05 01:24:34,601 [INFO] PluginManage:359 - Loaded plugin userauth (category:base,tabindex:14)
2024-02-05 01:24:34,602 [INFO] PluginManage:283 - PluginManage : Loaded plugins [17]
2024-02-05 01:24:34,890 [INFO] PinOutPanel:1499 - setPackage(No Configuration,No Configuration)
2024-02-05 01:24:35,002 [INFO] CADModel:165 - CPN selected for project level
2024-02-05 01:24:35,002 [INFO] CADModel:114 - Register for checkConnection events
2024-02-05 01:24:35,032 [INFO] IPUIPlugin:80 - create IPUIPlugin
2024-02-05 01:24:35,032 [INFO] PluginManager:220 - loadIPPluginJar : add adc
2024-02-05 01:24:35,071 [INFO] IPUIPlugin:80 - create IPUIPlugin
2024-02-05 01:24:35,071 [INFO] PluginManager:220 - loadIPPluginJar : add aes
2024-02-05 01:24:35,125 [INFO] IPUIPlugin:80 - create IPUIPlugin
2024-02-05 01:24:35,125 [INFO] PluginManager:220 - loadIPPluginJar : add can
2024-02-05 01:24:35,162 [INFO] IPUIPlugin:80 - create IPUIPlugin
2024-02-05 01:24:35,162 [INFO] PluginManager:220 - loadIPPluginJar : add comp
2024-02-05 01:24:35,196 [INFO] IPUIPlugin:80 - create IPUIPlugin
2024-02-05 01:24:35,196 [INFO] PluginManager:220 - loadIPPluginJar : add cryp
2024-02-05 01:24:35,250 [INFO] IPUIPlugin:80 - create IPUIPlugin
2024-02-05 01:24:35,250 [INFO] PluginManager:220 - loadIPPluginJar : add dfsdm
2024-02-05 01:24:35,265 [INFO] IPUIPlugin:80 - create IPUIPlugin
2024-02-05 01:24:35,266 [INFO] PluginManager:220 - loadIPPluginJar : add dma
2024-02-05 01:24:35,333 [INFO] IPUIPlugin:80 - create IPUIPlugin
2024-02-05 01:24:35,333 [INFO] PluginManager:220 - loadIPPluginJar : add dma3
2024-02-05 01:24:35,367 [INFO] IPUIPlugin:80 - create IPUIPlugin
2024-02-05 01:24:35,367 [INFO] PluginManager:220 - loadIPPluginJar : add fatfs
2024-02-05 01:24:35,421 [INFO] IPUIPlugin:80 - create IPUIPlugin
2024-02-05 01:24:35,422 [INFO] PluginManager:220 - loadIPPluginJar : add fmc
2024-02-05 01:24:35,448 [INFO] IPUIPlugin:80 - create IPUIPlugin
2024-02-05 01:24:35,449 [INFO] PluginManager:220 - loadIPPluginJar : add freertos
2024-02-05 01:24:35,471 [INFO] IPUIPlugin:80 - create IPUIPlugin
2024-02-05 01:24:35,471 [INFO] PluginManager:220 - loadIPPluginJar : add genericplugin
2024-02-05 01:24:35,583 [INFO] IPUIPlugin:80 - create IPUIPlugin
2024-02-05 01:24:35,583 [INFO] PluginManager:220 - loadIPPluginJar : add gfxmmu
2024-02-05 01:24:35,763 [INFO] IPUIPlugin:80 - create IPUIPlugin
2024-02-05 01:24:35,763 [INFO] PluginManager:220 - loadIPPluginJar : add gic
2024-02-05 01:24:35,778 [INFO] IPUIPlugin:80 - create IPUIPlugin
2024-02-05 01:24:35,778 [INFO] PluginManager:220 - loadIPPluginJar : add gpio
2024-02-05 01:24:35,871 [INFO] IPUIPlugin:80 - create IPUIPlugin
2024-02-05 01:24:35,871 [INFO] PluginManager:220 - loadIPPluginJar : add gtzc
2024-02-05 01:24:35,962 [INFO] IPUIPlugin:80 - create IPUIPlugin
2024-02-05 01:24:35,962 [INFO] PluginManager:220 - loadIPPluginJar : add hash
2024-02-05 01:24:36,023 [INFO] IPUIPlugin:80 - create IPUIPlugin
2024-02-05 01:24:36,024 [INFO] PluginManager:220 - loadIPPluginJar : add i2c
2024-02-05 01:24:36,062 [INFO] IPUIPlugin:80 - create IPUIPlugin
2024-02-05 01:24:36,063 [INFO] PluginManager:220 - loadIPPluginJar : add i2s
2024-02-05 01:24:36,121 [INFO] IPUIPlugin:80 - create IPUIPlugin
2024-02-05 01:24:36,121 [INFO] PluginManager:220 - loadIPPluginJar : add i3c
2024-02-05 01:24:36,227 [INFO] IPUIPlugin:80 - create IPUIPlugin
2024-02-05 01:24:36,228 [INFO] PluginManager:220 - loadIPPluginJar : add ipddr
2024-02-05 01:24:36,333 [INFO] IPUIPlugin:80 - create IPUIPlugin
2024-02-05 01:24:36,333 [INFO] PluginManager:220 - loadIPPluginJar : add linkedlist
2024-02-05 01:24:36,366 [INFO] IPUIPlugin:80 - create IPUIPlugin
2024-02-05 01:24:36,366 [INFO] PluginManager:220 - loadIPPluginJar : add lorawan
2024-02-05 01:24:36,420 [INFO] IPUIPlugin:80 - create IPUIPlugin
2024-02-05 01:24:36,421 [INFO] PluginManager:220 - loadIPPluginJar : add ltdc
2024-02-05 01:24:36,435 [INFO] IPUIPlugin:80 - create IPUIPlugin
2024-02-05 01:24:36,435 [INFO] PluginManager:220 - loadIPPluginJar : add mdma
2024-02-05 01:24:36,446 [INFO] IPUIPlugin:80 - create IPUIPlugin
2024-02-05 01:24:36,446 [INFO] PluginManager:220 - loadIPPluginJar : add nvic
2024-02-05 01:24:36,484 [INFO] IPUIPlugin:80 - create IPUIPlugin
2024-02-05 01:24:36,484 [INFO] PluginManager:220 - loadIPPluginJar : add opamp
2024-02-05 01:24:36,556 [INFO] IPUIPlugin:80 - create IPUIPlugin
2024-02-05 01:24:36,557 [INFO] PluginManager:220 - loadIPPluginJar : add openamp
2024-02-05 01:24:36,627 [INFO] IPUIPlugin:80 - create IPUIPlugin
2024-02-05 01:24:36,627 [INFO] PluginManager:220 - loadIPPluginJar : add pdm2pcm
2024-02-05 01:24:36,642 [INFO] IPUIPlugin:80 - create IPUIPlugin
2024-02-05 01:24:36,644 [INFO] PluginManager:220 - loadIPPluginJar : add plateformsettings
2024-02-05 01:24:36,667 [INFO] IPUIPlugin:80 - create IPUIPlugin
2024-02-05 01:24:36,667 [INFO] PluginManager:220 - loadIPPluginJar : add quadspi
2024-02-05 01:24:36,692 [INFO] IPUIPlugin:80 - create IPUIPlugin
2024-02-05 01:24:36,692 [INFO] PluginManager:220 - loadIPPluginJar : add resmgrutility
2024-02-05 01:24:36,740 [INFO] IPUIPlugin:80 - create IPUIPlugin
2024-02-05 01:24:36,740 [INFO] PluginManager:220 - loadIPPluginJar : add sai
2024-02-05 01:24:36,787 [INFO] IPUIPlugin:80 - create IPUIPlugin
2024-02-05 01:24:36,787 [INFO] PluginManager:220 - loadIPPluginJar : add spi
2024-02-05 01:24:36,860 [INFO] IPUIPlugin:80 - create IPUIPlugin
2024-02-05 01:24:36,860 [INFO] PluginManager:220 - loadIPPluginJar : add stm32_wpan
2024-02-05 01:24:36,896 [INFO] IPUIPlugin:80 - create IPUIPlugin
2024-02-05 01:24:36,896 [INFO] PluginManager:220 - loadIPPluginJar : add tim
2024-02-05 01:24:36,966 [INFO] IPUIPlugin:80 - create IPUIPlugin
2024-02-05 01:24:36,966 [INFO] PluginManager:220 - loadIPPluginJar : add touchsensing
2024-02-05 01:24:36,998 [INFO] IPUIPlugin:80 - create IPUIPlugin
2024-02-05 01:24:36,998 [INFO] PluginManager:220 - loadIPPluginJar : add tracer_emb
2024-02-05 01:24:37,027 [INFO] IPUIPlugin:80 - create IPUIPlugin
2024-02-05 01:24:37,027 [INFO] PluginManager:220 - loadIPPluginJar : add ts
2024-02-05 01:24:37,062 [INFO] IPUIPlugin:80 - create IPUIPlugin
2024-02-05 01:24:37,062 [INFO] PluginManager:220 - loadIPPluginJar : add tsc
2024-02-05 01:24:37,094 [INFO] IPUIPlugin:80 - create IPUIPlugin
2024-02-05 01:24:37,094 [INFO] PluginManager:220 - loadIPPluginJar : add ucpd
2024-02-05 01:24:37,151 [INFO] IPUIPlugin:80 - create IPUIPlugin
2024-02-05 01:24:37,151 [INFO] PluginManager:220 - loadIPPluginJar : add usart
2024-02-05 01:24:37,202 [INFO] IPUIPlugin:80 - create IPUIPlugin
2024-02-05 01:24:37,202 [INFO] PluginManager:220 - loadIPPluginJar : add usbx
2024-02-05 01:24:37,326 [INFO] ThirdPartyUpdaterWithRetryManager:70 - Updater plugin not ready yet. [2/15]
2024-02-05 01:24:37,327 [INFO] CADModel:165 - CPN selected for project level
2024-02-05 01:24:37,327 [INFO] CADModel:114 - Register for checkConnection events
2024-02-05 01:24:37,327 [FATAL] Updater:308 - Updater called before beeing initialized
2024-02-05 01:24:37,327 [ERROR] CADModel:125 - Updater not yet initialized, retry later 
2024-02-05 01:24:37,478 [INFO] CADModel:165 - CPN selected for project level
2024-02-05 01:24:37,478 [INFO] CADModel:114 - Register for checkConnection events
2024-02-05 01:24:37,478 [FATAL] Updater:308 - Updater called before beeing initialized
2024-02-05 01:24:37,479 [ERROR] CADModel:125 - Updater not yet initialized, retry later 
2024-02-05 01:24:37,482 [FATAL] Updater:308 - Updater called before beeing initialized
2024-02-05 01:24:37,590 [FATAL] Updater:308 - Updater called before beeing initialized
2024-02-05 01:24:37,606 [INFO] DbMcusAds:53 - JSON generation date=Wed Nov 29 17:52:38 ICT 2023 (1701255158764)
2024-02-05 01:24:37,606 [FATAL] Updater:308 - Updater called before beeing initialized
2024-02-05 01:24:37,651 [WARN] DetailPanel:346 - Failed to get advertising image, set to default
2024-02-05 01:24:37,733 [FATAL] Updater:308 - Updater called before beeing initialized
2024-02-05 01:24:37,736 [FATAL] Updater:308 - Updater called before beeing initialized
2024-02-05 01:24:37,736 [FATAL] Updater:308 - Updater called before beeing initialized
2024-02-05 01:24:37,736 [WARN] DetailPanel:346 - Failed to get advertising image, set to default
2024-02-05 01:24:37,737 [FATAL] Updater:308 - Updater called before beeing initialized
2024-02-05 01:24:37,802 [ERROR] Updater:1120 - MainUpdater not yet initialized. External WinMGr cannot be set.
2024-02-05 01:24:37,816 [INFO] Updater:1056 - Updater Version found : 6.9.0
2024-02-05 01:24:37,836 [INFO] ApplicationProperties:184 - Using Application install path: C:\ST\STM32CubeIDE_1.13.0\STM32CubeIDE\plugins\com.st.stm32cube.common.mx_6.9.0.202307051724
2024-02-05 01:24:38,053 [INFO] MainUpdater:2868 - connection check result : 10
2024-02-05 01:24:38,054 [INFO] MainUpdater:285 - Updater Check For Update Now.
2024-02-05 01:24:38,054 [INFO] MicroXplorer:498 - Change Database Version : DB.6.0.90
2024-02-05 01:24:38,083 [INFO] McuFinderGlobals:63 - Set McuFinder mode to 2 (CubeIDE integrated)
2024-02-05 01:24:38,292 [INFO] CheckServerUpdateThread:120 - End of CheckServer Thread
2024-02-05 01:24:40,659 [WARN] PackLoader:240 - Cannot read IP mode file for STMicroelectronics.X-CUBE-SMBUS.2.1.0
2024-02-05 01:24:40,689 [WARN] PackLoader:240 - Cannot read IP mode file for STMicroelectronics.X-CUBE-TOUCHGFX.4.23.0
2024-02-05 01:24:40,780 [WARN] PackLoader:240 - Cannot read IP mode file for STMicroelectronics.X-CUBE-AZRTOS-F7.1.1.0
2024-02-05 01:24:40,828 [WARN] PackLoader:240 - Cannot read IP mode file for STMicroelectronics.FP-SNS-MOTENV1.4.3.2
2024-02-05 01:24:40,863 [WARN] PackLoader:240 - Cannot read IP mode file for STMicroelectronics.X-CUBE-BLE1.6.2.3
2024-02-05 01:24:40,891 [WARN] PackLoader:240 - Cannot read IP mode file for STMicroelectronics.X-CUBE-BLE1.6.2.4
2024-02-05 01:24:40,905 [WARN] PackLoader:240 - Cannot read IP mode file for STMicroelectronics.FP-SNS-FLIGHT1.5.0.2
2024-02-05 01:24:40,921 [WARN] PackLoader:240 - Cannot read IP mode file for STMicroelectronics.X-CUBE-DISPLAY.3.0.0
2024-02-05 01:24:40,945 [WARN] PackLoader:240 - Cannot read IP mode file for STMicroelectronics.X-CUBE-BLE1.7.0.0
2024-02-05 01:24:40,958 [WARN] PackLoader:240 - Cannot read IP mode file for STMicroelectronics.X-CUBE-TOUCHGFX.4.22.0
2024-02-05 01:24:40,969 [WARN] PackLoader:240 - Cannot read IP mode file for STMicroelectronics.X-CUBE-TOUCHGFX.4.22.1
2024-02-05 01:24:41,020 [WARN] PackLoader:240 - Cannot read IP mode file for STMicroelectronics.X-CUBE-MEMS1.9.3.0
2024-02-05 01:24:41,162 [WARN] PackLoader:240 - Cannot read IP mode file for STMicroelectronics.X-CUBE-AI.7.2.0
2024-02-05 01:24:41,190 [WARN] PackLoader:240 - Cannot read IP mode file for STMicroelectronics.FP-SNS-SMARTAG2.1.2.0
2024-02-05 01:24:41,211 [INFO] LogOutputStream:77 - [STDOUT_REDIRECT] 1 : Invalid condition id : UX_CORESTACK_Condition cause : null
2024-02-05 01:24:41,212 [INFO] LogOutputStream:77 - [STDOUT_REDIRECT] 1 : Invalid condition id : UX_CORESTACK_Condition cause : null
2024-02-05 01:24:41,214 [INFO] LogOutputStream:77 - [STDOUT_REDIRECT] 1 : Invalid condition id : UX_CORESTACK_Condition cause : null
2024-02-05 01:24:41,216 [INFO] LogOutputStream:77 - [STDOUT_REDIRECT] 1 : Invalid condition id : UX_CORESTACK_Condition cause : null
2024-02-05 01:24:41,217 [INFO] LogOutputStream:77 - [STDOUT_REDIRECT] 1 : Invalid condition id : UX_CORESTACK_Condition cause : null
2024-02-05 01:24:41,220 [WARN] PackLoader:240 - Cannot read IP mode file for STMicroelectronics.X-CUBE-AZRTOS-WL.2.0.0
2024-02-05 01:24:41,248 [WARN] PackLoader:240 - Cannot read IP mode file for WES.I-CUBE-Cesium.1.3.0
2024-02-05 01:24:41,271 [WARN] PackLoader:240 - Cannot read IP mode file for STMicroelectronics.X-CUBE-BLE2.3.3.0
2024-02-05 01:24:41,286 [WARN] PackLoader:240 - Cannot read IP mode file for STMicroelectronics.X-CUBE-DISPLAY.2.2.0
2024-02-05 01:24:41,319 [WARN] PackLoader:240 - Cannot read IP mode file for STMicroelectronics.X-CUBE-TOF1.3.2.0
2024-02-05 01:24:41,334 [WARN] PackLoader:240 - Cannot read IP mode file for STMicroelectronics.X-CUBE-ISPU.1.0.0
2024-02-05 01:24:41,360 [WARN] PackLoader:240 - Cannot read IP mode file for STMicroelectronics.X-CUBE-AZRTOS-H7.2.1.0
2024-02-05 01:24:41,379 [WARN] PackLoader:240 - Cannot read IP mode file for STMicroelectronics.X-CUBE-ALGOBUILD.1.3.0
2024-02-05 01:24:41,408 [WARN] PackLoader:240 - Cannot read IP mode file for STMicroelectronics.X-CUBE-AZRTOS-G0.1.1.0
2024-02-05 01:24:41,436 [WARN] PackLoader:240 - Cannot read IP mode file for STMicroelectronics.X-CUBE-NFC4.3.0.0
2024-02-05 01:24:41,478 [WARN] PackLoader:240 - Cannot read IP mode file for SEGGER.I-CUBE-embOS.1.2.1
2024-02-05 01:24:41,523 [WARN] PackLoader:240 - Cannot read IP mode file for STMicroelectronics.X-CUBE-BLEMGR.3.0.0
2024-02-05 01:24:41,538 [WARN] PackLoader:240 - Cannot read IP mode file for STMicroelectronics.FP-ATR-SIGFOX1.3.2.0
2024-02-05 01:24:41,553 [WARN] PackLoader:240 - Cannot read IP mode file for STMicroelectronics.X-CUBE-EEPRMA1.5.1.0
2024-02-05 01:24:41,581 [WARN] PackLoader:240 - Cannot read IP mode file for emotas.I-CUBE-CANOPEN.1.1.2
2024-02-05 01:24:41,595 [WARN] PackLoader:240 - Cannot read IP mode file for STMicroelectronics.X-CUBE-TOUCHGFX.4.20.0
2024-02-05 01:24:41,626 [WARN] PackLoader:240 - Cannot read IP mode file for SEGGER.I-CUBE-embOS.1.3.1
2024-02-05 01:24:41,679 [WARN] PackLoader:240 - Cannot read IP mode file for STMicroelectronics.X-CUBE-GNSS1.6.0.0
2024-02-05 01:24:41,724 [WARN] PackLoader:240 - Cannot read IP mode file for STMicroelectronics.X-CUBE-AZRTOS-F4.1.1.0
2024-02-05 01:24:41,752 [WARN] PackLoader:240 - Cannot read IP mode file for STMicroelectronics.X-CUBE-BLEMGR.1.2.0
2024-02-05 01:24:41,799 [WARN] PackLoader:240 - Cannot read IP mode file for STMicroelectronics.X-CUBE-AZRTOS-L5.2.0.0
2024-02-05 01:24:41,881 [WARN] PackLoader:240 - Cannot read IP mode file for STMicroelectronics.X-CUBE-MEMS1.9.6.0
2024-02-05 01:24:42,007 [WARN] PackLoader:240 - Cannot read IP mode file for STMicroelectronics.X-CUBE-EEPRMA1.4.2.0
2024-02-05 01:24:42,020 [WARN] PackLoader:240 - Cannot read IP mode file for ITTIA_DB.I-CUBE-ITTIADB.8.8.0
2024-02-05 01:24:42,038 [WARN] PackLoader:240 - Cannot read IP mode file for STMicroelectronics.X-CUBE-BLEMGR.2.0.0
2024-02-05 01:24:42,052 [WARN] PackLoader:240 - Cannot read IP mode file for STMicroelectronics.X-CUBE-NFC4.2.0.4
2024-02-05 01:24:42,083 [WARN] ConditionMgr:438 - getConditionDescription Invalid condition id : UX DEVICE CLASS RTOS Condition cause : null
2024-02-05 01:24:42,083 [WARN] ConditionMgr:438 - getConditionDescription Invalid condition id : UX DEVICE CLASS RTOS Condition cause : null
2024-02-05 01:24:42,085 [WARN] PackLoader:240 - Cannot read IP mode file for STMicroelectronics.X-CUBE-AZRTOS-H7.3.1.0
2024-02-05 01:24:42,086 [WARN] ConditionMgr:1039 - genDependencies : Invalid condition id : UX DEVICE CLASS RTOS Condition cause : null
2024-02-05 01:24:42,087 [WARN] ConditionMgr:1039 - genDependencies : Invalid condition id : UX DEVICE CLASS RTOS Condition cause : null
2024-02-05 01:24:42,090 [WARN] ConditionMgr:1039 - genDependencies : Invalid condition id : UX DEVICE CLASS RTOS Condition cause : null
2024-02-05 01:24:42,091 [WARN] ConditionMgr:1039 - genDependencies : Invalid condition id : UX DEVICE CLASS RTOS Condition cause : null
2024-02-05 01:24:42,091 [WARN] ConditionMgr:1039 - genDependencies : Invalid condition id : UX DEVICE CLASS RTOS Condition cause : null
2024-02-05 01:24:42,119 [WARN] PackLoader:240 - Cannot read IP mode file for wolfSSL.I-CUBE-wolfSSL.5.5.1
2024-02-05 01:24:42,142 [WARN] PackLoader:240 - Cannot read IP mode file for STMicroelectronics.X-CUBE-NFC7.1.0.1
2024-02-05 01:24:42,155 [WARN] PackLoader:240 - Cannot read IP mode file for STMicroelectronics.X-CUBE-NFC7.1.0.0
2024-02-05 01:24:42,171 [WARN] PackLoader:240 - Cannot read IP mode file for STMicroelectronics.X-CUBE-NFC6.3.0.0
2024-02-05 01:24:42,185 [WARN] PackLoader:240 - Cannot read IP mode file for STMicroelectronics.X-CUBE-EEPRMA1.4.1.0
2024-02-05 01:24:42,198 [WARN] PackLoader:240 - Cannot read IP mode file for STMicroelectronics.X-CUBE-AI.8.1.0
2024-02-05 01:24:42,222 [WARN] ConditionMgr:438 - getConditionDescription Invalid condition id : LAN8742 Phy interface Condition cause : null
2024-02-05 01:24:42,223 [WARN] PackLoader:240 - Cannot read IP mode file for STMicroelectronics.X-CUBE-AZRTOS-L4.2.0.0
2024-02-05 01:24:42,223 [WARN] ConditionMgr:1039 - genDependencies : Invalid condition id : LAN8742 Phy interface Condition cause : null
2024-02-05 01:24:42,224 [WARN] ConditionMgr:1039 - genDependencies : Invalid condition id : LAN8742 Phy interface Condition cause : null
2024-02-05 01:24:42,224 [WARN] ConditionMgr:1039 - genDependencies : Invalid condition id : LAN8742 Phy interface Condition cause : null
2024-02-05 01:24:42,239 [WARN] PackLoader:240 - Cannot read IP mode file for STMicroelectronics.X-CUBE-SFXS2LP1.4.0.0
2024-02-05 01:24:42,254 [WARN] PackLoader:240 - Cannot read IP mode file for STMicroelectronics.X-CUBE-ISPU.1.1.0
2024-02-05 01:24:42,271 [WARN] PackLoader:240 - Cannot read IP mode file for RoweBots.I-CUBE-UNISONRTOS.5.5.0-4
2024-02-05 01:24:42,301 [WARN] ConditionMgr:438 - getConditionDescription Invalid condition id : UX DEVICE CLASS RTOS Condition cause : null
2024-02-05 01:24:42,301 [WARN] ConditionMgr:438 - getConditionDescription Invalid condition id : UX DEVICE CLASS RTOS Condition cause : null
2024-02-05 01:24:42,303 [WARN] PackLoader:240 - Cannot read IP mode file for STMicroelectronics.X-CUBE-AZRTOS-WB.2.0.0
2024-02-05 01:24:42,304 [WARN] ConditionMgr:1039 - genDependencies : Invalid condition id : UX DEVICE CLASS RTOS Condition cause : null
2024-02-05 01:24:42,304 [WARN] ConditionMgr:1039 - genDependencies : Invalid condition id : UX DEVICE CLASS RTOS Condition cause : null
2024-02-05 01:24:42,304 [WARN] ConditionMgr:1039 - genDependencies : Invalid condition id : UX DEVICE CLASS RTOS Condition cause : null
2024-02-05 01:24:42,304 [WARN] ConditionMgr:1039 - genDependencies : Invalid condition id : UX DEVICE CLASS RTOS Condition cause : null
2024-02-05 01:24:42,304 [WARN] ConditionMgr:1039 - genDependencies : Invalid condition id : UX DEVICE CLASS RTOS Condition cause : null
2024-02-05 01:24:42,326 [WARN] PackLoader:240 - Cannot read IP mode file for STMicroelectronics.X-CUBE-FREERTOS.1.0.1
2024-02-05 01:24:42,354 [WARN] PackLoader:240 - Cannot read IP mode file for STMicroelectronics.X-CUBE-AZRTOS-L5.1.1.0
2024-02-05 01:24:42,379 [WARN] PackLoader:240 - Cannot read IP mode file for STMicroelectronics.X-CUBE-AI.8.0.1
2024-02-05 01:24:42,397 [WARN] PackLoader:240 - Cannot read IP mode file for STMicroelectronics.X-CUBE-SUBG2.5.0.0
2024-02-05 01:24:42,417 [WARN] PackLoader:240 - Cannot read IP mode file for STMicroelectronics.X-CUBE-TOF1.3.3.1
2024-02-05 01:24:42,443 [WARN] PackLoader:240 - Cannot read IP mode file for STMicroelectronics.X-CUBE-AZRTOS-G4.2.0.0
2024-02-05 01:24:42,456 [WARN] PackLoader:240 - Cannot read IP mode file for STMicroelectronics.FP-ATR-ASTRA1.1.1.1
2024-02-05 01:24:42,480 [WARN] PackLoader:240 - Cannot read IP mode file for Infineon.AIROC-Wi-Fi-Bluetooth-STM32.1.5.1
2024-02-05 01:24:42,493 [WARN] PackLoader:240 - Cannot read IP mode file for STMicroelectronics.FP-SNS-MOTENVWB1.1.3.0
2024-02-05 01:24:42,506 [WARN] PackLoader:240 - Cannot read IP mode file for STMicroelectronics.FP-SNS-MOTENVWB1.1.3.1
2024-02-05 01:24:42,526 [WARN] PackLoader:240 - Cannot read IP mode file for STMicroelectronics.X-CUBE-AZRTOS-G4.1.0.0
2024-02-05 01:24:42,553 [WARN] PackLoader:240 - Cannot read IP mode file for STMicroelectronics.X-CUBE-AZRTOS-L4.1.0.0
2024-02-05 01:24:42,566 [WARN] PackLoader:240 - Cannot read IP mode file for STMicroelectronics.X-CUBE-ISPU.2.0.0
2024-02-05 01:24:42,610 [WARN] PackLoader:240 - Cannot read IP mode file for STMicroelectronics.X-CUBE-MEMS1.10.0.0
2024-02-05 01:24:42,754 [WARN] PackLoader:240 - Cannot read IP mode file for STMicroelectronics.X-CUBE-FREERTOS.1.1.0
2024-02-05 01:24:42,774 [WARN] PackLoader:240 - Cannot read IP mode file for STMicroelectronics.X-CUBE-AZRTOS-WL.1.0.0
2024-02-05 01:24:42,793 [WARN] PackLoader:240 - Cannot read IP mode file for portGmbH.I-Cube-SoM-uGOAL.1.1.0
2024-02-05 01:24:42,805 [WARN] PackLoader:240 - Cannot read IP mode file for STMicroelectronics.X-CUBE-ALS.1.0.1
2024-02-05 01:24:42,830 [WARN] PackLoader:240 - Cannot read IP mode file for STMicroelectronics.X-CUBE-AZRTOS-WB.1.1.0
2024-02-05 01:24:42,853 [WARN] PackLoader:240 - Cannot read IP mode file for STMicroelectronics.X-CUBE-AZRTOS-L5.1.0.0
2024-02-05 01:24:42,868 [WARN] PackLoader:240 - Cannot read IP mode file for STMicroelectronics.X-CUBE-EEPRMA1.3.1.1
2024-02-05 01:24:42,880 [WARN] PackLoader:240 - Cannot read IP mode file for STMicroelectronics.FP-ATR-ASTRA1.2.0.0
2024-02-05 01:24:42,899 [WARN] PackLoader:240 - Cannot read IP mode file for STMicroelectronics.X-CUBE-TOF1.3.4.0
2024-02-05 01:24:42,937 [WARN] PackLoader:240 - Cannot read IP mode file for STMicroelectronics.X-CUBE-AZRTOS-H7.3.2.0
2024-02-05 01:24:42,939 [INFO] ThirdParty:978 - Integrity check success = true
2024-02-05 01:24:42,939 [INFO] IntegrityCheckThread:100 - exiting critical section [integrity check]
2024-02-05 01:24:42,939 [INFO] IntegrityCheckThread:103 - End integrity checks thread
2024-02-05 01:24:59,266 [ERROR] LogOutputStream:75 - [STDERR_REDIRECT] SLF4J: Failed to load class "org.slf4j.impl.StaticLoggerBinder".
2024-02-05 01:24:59,267 [ERROR] LogOutputStream:75 - [STDERR_REDIRECT] SLF4J: Defaulting to no-operation (NOP) logger implementation
2024-02-05 01:24:59,268 [ERROR] LogOutputStream:75 - [STDERR_REDIRECT] SLF4J: See http://www.slf4j.org/codes.html#StaticLoggerBinder for further details.
